/Users/gexin/Library/Python/3.9/lib/python/site-packages/urllib3/__init__.py:35: NotOpenSSLWarning: urllib3 v2 only supports OpenSSL 1.1.1+, currently the 'ssl' module is compiled with 'LibreSSL 2.8.3'. See: https://github.com/urllib3/urllib3/issues/3020
  warnings.warn(
2026-03-02 07:35:14,014 - __main__ - INFO - 🚀 ==========================================================
2026-03-02 07:35:14,014 - __main__ - INFO - 伊朗 - 以色列 - 美国冲突舆情监控系统启动
2026-03-02 07:35:14,014 - __main__ - INFO - ============================================================
2026-03-02 07:35:14,014 - __main__ - INFO - 启动时间：2026-03-02 07:35:14
2026-03-02 07:35:14,014 - __main__ - INFO - 工作目录：/Users/gexin/.openclaw/workspace
2026-03-02 07:35:14,014 - __main__ - INFO - ============================================================
2026-03-02 07:35:14,021 - __main__ - INFO - 数据库初始化完成
2026-03-02 07:35:14,021 - src.sentiment.monitor - INFO - Added stock to monitor: XOM
2026-03-02 07:35:14,021 - src.sentiment.monitor - INFO - Added stock to monitor: CVX
2026-03-02 07:35:14,021 - src.sentiment.monitor - INFO - Added stock to monitor: COP
2026-03-02 07:35:14,021 - src.sentiment.monitor - INFO - Added stock to monitor: SLB
2026-03-02 07:35:14,021 - src.sentiment.monitor - INFO - Added stock to monitor: LMT
2026-03-02 07:35:14,021 - src.sentiment.monitor - INFO - Added stock to monitor: RTX
2026-03-02 07:35:14,021 - src.sentiment.monitor - INFO - Added stock to monitor: NOC
2026-03-02 07:35:14,021 - src.sentiment.monitor - INFO - Added stock to monitor: GD
2026-03-02 07:35:14,021 - src.sentiment.monitor - INFO - Added stock to monitor: DAL
2026-03-02 07:35:14,021 - src.sentiment.monitor - INFO - Added stock to monitor: UAL
2026-03-02 07:35:14,021 - src.sentiment.monitor - INFO - Added stock to monitor: AAL
2026-03-02 07:35:14,021 - src.sentiment.monitor - INFO - Added stock to monitor: FDX
2026-03-02 07:35:14,021 - src.sentiment.monitor - INFO - Added stock to monitor: UPS
2026-03-02 07:35:14,021 - src.sentiment.monitor - INFO - Added stock to monitor: 601857.SS
2026-03-02 07:35:14,021 - src.sentiment.monitor - INFO - Added stock to monitor: 600028.SS
2026-03-02 07:35:14,021 - src.sentiment.monitor - INFO - Added stock to monitor: 000825.SZ
2026-03-02 07:35:14,021 - src.sentiment.monitor - INFO - Added stock to monitor: 600760.SS
2026-03-02 07:35:14,021 - src.sentiment.monitor - INFO - Added stock to monitor: 000768.SZ
2026-03-02 07:35:14,021 - src.sentiment.monitor - INFO - Added stock to monitor: 600893.SS
2026-03-02 07:35:14,021 - src.sentiment.monitor - INFO - Added stock to monitor: 600547.SS
2026-03-02 07:35:14,021 - src.sentiment.monitor - INFO - Added stock to monitor: 601899.SS
2026-03-02 07:35:14,022 - src.sentiment.monitor - INFO - Added stock to monitor: 601111.SS
2026-03-02 07:35:14,022 - src.sentiment.monitor - INFO - Added stock to monitor: 600029.SS
2026-03-02 07:35:14,022 - src.sentiment.monitor - INFO - Added stock to monitor: 601021.SS
2026-03-02 07:35:14,022 - __main__ - INFO - ✅ 已添加 24 只重点监控股票
2026-03-02 07:35:14,022 - __main__ - INFO - ✅ 已添加 5 种大宗商品监控
2026-03-02 07:35:14,022 - __main__ - INFO - ✅ 已配置 16 个监控关键词
2026-03-02 07:35:14,022 - __main__ - INFO - ============================================================
2026-03-02 07:35:14,022 - __main__ - INFO - 
📊 第 1 轮监控
2026-03-02 07:35:14,022 - __main__ - INFO - ============================================================
2026-03-02 07:35:14,022 - __main__ - INFO - 开始舆情监控周期 - 2026-03-02 07:35:14
2026-03-02 07:35:14,022 - __main__ - INFO - ============================================================
2026-03-02 07:35:14,022 - __main__ - INFO - 正在采集舆情数据...
2026-03-02 07:35:14,022 - __main__ - INFO - 采集到 16 条舆情数据
2026-03-02 07:35:14,022 - __main__ - INFO - 保存 16 条舆情数据到数据库
2026-03-02 07:35:14,023 - __main__ - WARNING - 🚨 警报 [HIGH]: 负面情绪占比过高：100.0%
2026-03-02 07:35:14,023 - __main__ - INFO - 监控周期完成 - 负面：16, 中性：0, 正面：0
2026-03-02 07:35:14,023 - __main__ - INFO - 平均情感得分：-0.650
2026-03-02 07:35:14,023 - __main__ - INFO - ✅ 第 1 轮监控完成
2026-03-02 07:35:14,023 - __main__ - INFO -    数据点：2026-03-02T07:35:14.022795
2026-03-02 07:35:14,023 - __main__ - INFO -    未处理警报：1
2026-03-02 07:35:14,023 - __main__ - INFO - 
⏳ 300秒后进行下一轮检查...
2026-03-02 07:40:14,028 - __main__ - INFO - 
📊 第 2 轮监控
2026-03-02 07:40:14,030 - __main__ - INFO - ============================================================
2026-03-02 07:40:14,030 - __main__ - INFO - 开始舆情监控周期 - 2026-03-02 07:40:14
2026-03-02 07:40:14,030 - __main__ - INFO - ============================================================
2026-03-02 07:40:14,030 - __main__ - INFO - 正在采集舆情数据...
2026-03-02 07:40:14,031 - __main__ - INFO - 采集到 16 条舆情数据
2026-03-02 07:40:14,034 - __main__ - INFO - 保存 16 条舆情数据到数据库
2026-03-02 07:40:14,037 - __main__ - WARNING - 🚨 警报 [HIGH]: 负面情绪占比过高：100.0%
2026-03-02 07:40:14,038 - __main__ - INFO - 监控周期完成 - 负面：16, 中性：0, 正面：0
2026-03-02 07:40:14,038 - __main__ - INFO - 平均情感得分：-0.650
2026-03-02 07:40:14,038 - __main__ - INFO - ✅ 第 2 轮监控完成
2026-03-02 07:40:14,038 - __main__ - INFO -    数据点：2026-03-02T07:40:14.035092
2026-03-02 07:40:14,038 - __main__ - INFO -    未处理警报：2
2026-03-02 07:40:14,038 - __main__ - INFO - 
⏳ 300秒后进行下一轮检查...
2026-03-02 07:45:14,181 - __main__ - INFO - 
📊 第 3 轮监控
2026-03-02 07:45:14,182 - __main__ - INFO - ============================================================
2026-03-02 07:45:14,182 - __main__ - INFO - 开始舆情监控周期 - 2026-03-02 07:45:14
2026-03-02 07:45:14,182 - __main__ - INFO - ============================================================
2026-03-02 07:45:14,182 - __main__ - INFO - 正在采集舆情数据...
2026-03-02 07:45:14,182 - __main__ - INFO - 采集到 16 条舆情数据
2026-03-02 07:45:14,184 - __main__ - INFO - 保存 16 条舆情数据到数据库
2026-03-02 07:45:14,186 - __main__ - WARNING - 🚨 警报 [HIGH]: 负面情绪占比过高：100.0%
2026-03-02 07:45:14,186 - __main__ - INFO - 监控周期完成 - 负面：16, 中性：0, 正面：0
2026-03-02 07:45:14,186 - __main__ - INFO - 平均情感得分：-0.650
2026-03-02 07:45:14,186 - __main__ - INFO - ✅ 第 3 轮监控完成
2026-03-02 07:45:14,186 - __main__ - INFO -    数据点：2026-03-02T07:45:14.184748
2026-03-02 07:45:14,186 - __main__ - INFO -    未处理警报：3
2026-03-02 07:45:14,186 - __main__ - INFO - 
⏳ 300秒后进行下一轮检查...
2026-03-02 07:50:14,190 - __main__ - INFO - 
📊 第 4 轮监控
2026-03-02 07:50:14,192 - __main__ - INFO - ============================================================
2026-03-02 07:50:14,193 - __main__ - INFO - 开始舆情监控周期 - 2026-03-02 07:50:14
2026-03-02 07:50:14,193 - __main__ - INFO - ============================================================
2026-03-02 07:50:14,193 - __main__ - INFO - 正在采集舆情数据...
2026-03-02 07:50:14,193 - __main__ - INFO - 采集到 16 条舆情数据
2026-03-02 07:50:14,197 - __main__ - INFO - 保存 16 条舆情数据到数据库
2026-03-02 07:50:14,199 - __main__ - WARNING - 🚨 警报 [HIGH]: 负面情绪占比过高：100.0%
2026-03-02 07:50:14,200 - __main__ - INFO - 监控周期完成 - 负面：16, 中性：0, 正面：0
2026-03-02 07:50:14,200 - __main__ - INFO - 平均情感得分：-0.650
2026-03-02 07:50:14,200 - __main__ - INFO - ✅ 第 4 轮监控完成
2026-03-02 07:50:14,200 - __main__ - INFO -    数据点：2026-03-02T07:50:14.197674
2026-03-02 07:50:14,200 - __main__ - INFO -    未处理警报：4
2026-03-02 07:50:14,200 - __main__ - INFO - 
⏳ 300秒后进行下一轮检查...
2026-03-02 07:55:14,225 - __main__ - INFO - 
📊 第 5 轮监控
2026-03-02 07:55:14,229 - __main__ - INFO - ============================================================
2026-03-02 07:55:14,229 - __main__ - INFO - 开始舆情监控周期 - 2026-03-02 07:55:14
2026-03-02 07:55:14,229 - __main__ - INFO - ============================================================
2026-03-02 07:55:14,229 - __main__ - INFO - 正在采集舆情数据...
2026-03-02 07:55:14,230 - __main__ - INFO - 采集到 16 条舆情数据
2026-03-02 07:55:14,233 - __main__ - INFO - 保存 16 条舆情数据到数据库
2026-03-02 07:55:14,239 - __main__ - WARNING - 🚨 警报 [HIGH]: 负面情绪占比过高：100.0%
2026-03-02 07:55:14,240 - __main__ - INFO - 监控周期完成 - 负面：16, 中性：0, 正面：0
2026-03-02 07:55:14,240 - __main__ - INFO - 平均情感得分：-0.650
2026-03-02 07:55:14,240 - __main__ - INFO - ✅ 第 5 轮监控完成
2026-03-02 07:55:14,240 - __main__ - INFO -    数据点：2026-03-02T07:55:14.234110
2026-03-02 07:55:14,240 - __main__ - INFO -    未处理警报：5
2026-03-02 07:55:14,240 - __main__ - INFO - 
⏳ 300秒后进行下一轮检查...
2026-03-02 08:00:14,288 - __main__ - INFO - 
📊 第 6 轮监控
2026-03-02 08:00:14,292 - __main__ - INFO - ============================================================
2026-03-02 08:00:14,292 - __main__ - INFO - 开始舆情监控周期 - 2026-03-02 08:00:14
2026-03-02 08:00:14,292 - __main__ - INFO - ============================================================
2026-03-02 08:00:14,293 - __main__ - INFO - 正在采集舆情数据...
2026-03-02 08:00:14,293 - __main__ - INFO - 采集到 16 条舆情数据
2026-03-02 08:00:14,297 - __main__ - INFO - 保存 16 条舆情数据到数据库
2026-03-02 08:00:14,299 - __main__ - WARNING - 🚨 警报 [HIGH]: 负面情绪占比过高：100.0%
2026-03-02 08:00:14,299 - __main__ - INFO - 监控周期完成 - 负面：16, 中性：0, 正面：0
2026-03-02 08:00:14,299 - __main__ - INFO - 平均情感得分：-0.650
2026-03-02 08:00:14,299 - __main__ - INFO - ✅ 第 6 轮监控完成
2026-03-02 08:00:14,300 - __main__ - INFO -    数据点：2026-03-02T08:00:14.297398
2026-03-02 08:00:14,300 - __main__ - INFO -    未处理警报：6
2026-03-02 08:00:14,300 - __main__ - INFO - 
⏳ 300秒后进行下一轮检查...
2026-03-02 08:05:14,440 - __main__ - INFO - 
📊 第 7 轮监控
2026-03-02 08:05:14,442 - __main__ - INFO - ============================================================
2026-03-02 08:05:14,442 - __main__ - INFO - 开始舆情监控周期 - 2026-03-02 08:05:14
2026-03-02 08:05:14,442 - __main__ - INFO - ============================================================
2026-03-02 08:05:14,442 - __main__ - INFO - 正在采集舆情数据...
2026-03-02 08:05:14,442 - __main__ - INFO - 采集到 16 条舆情数据
2026-03-02 08:05:14,444 - __main__ - INFO - 保存 16 条舆情数据到数据库
2026-03-02 08:05:14,446 - __main__ - WARNING - 🚨 警报 [HIGH]: 负面情绪占比过高：100.0%
2026-03-02 08:05:14,447 - __main__ - INFO - 监控周期完成 - 负面：16, 中性：0, 正面：0
2026-03-02 08:05:14,447 - __main__ - INFO - 平均情感得分：-0.650
2026-03-02 08:05:14,447 - __main__ - INFO - ✅ 第 7 轮监控完成
2026-03-02 08:05:14,447 - __main__ - INFO -    数据点：2026-03-02T08:05:14.444899
2026-03-02 08:05:14,447 - __main__ - INFO -    未处理警报：7
2026-03-02 08:05:14,447 - __main__ - INFO - 
⏳ 300秒后进行下一轮检查...
2026-03-02 08:10:14,564 - __main__ - INFO - 
📊 第 8 轮监控
2026-03-02 08:10:14,567 - __main__ - INFO - ============================================================
2026-03-02 08:10:14,567 - __main__ - INFO - 开始舆情监控周期 - 2026-03-02 08:10:14
2026-03-02 08:10:14,567 - __main__ - INFO - ============================================================
2026-03-02 08:10:14,567 - __main__ - INFO - 正在采集舆情数据...
2026-03-02 08:10:14,568 - __main__ - INFO - 采集到 16 条舆情数据
2026-03-02 08:10:14,572 - __main__ - INFO - 保存 16 条舆情数据到数据库
2026-03-02 08:10:14,575 - __main__ - WARNING - 🚨 警报 [HIGH]: 负面情绪占比过高：100.0%
2026-03-02 08:10:14,575 - __main__ - INFO - 监控周期完成 - 负面：16, 中性：0, 正面：0
2026-03-02 08:10:14,575 - __main__ - INFO - 平均情感得分：-0.650
2026-03-02 08:10:14,575 - __main__ - INFO - ✅ 第 8 轮监控完成
2026-03-02 08:10:14,575 - __main__ - INFO -    数据点：2026-03-02T08:10:14.572812
2026-03-02 08:10:14,575 - __main__ - INFO -    未处理警报：8
2026-03-02 08:10:14,575 - __main__ - INFO - 
⏳ 300秒后进行下一轮检查...
2026-03-02 08:15:14,713 - __main__ - INFO - 
📊 第 9 轮监控
2026-03-02 08:15:14,715 - __main__ - INFO - ============================================================
2026-03-02 08:15:14,715 - __main__ - INFO - 开始舆情监控周期 - 2026-03-02 08:15:14
2026-03-02 08:15:14,715 - __main__ - INFO - ============================================================
2026-03-02 08:15:14,715 - __main__ - INFO - 正在采集舆情数据...
2026-03-02 08:15:14,715 - __main__ - INFO - 采集到 16 条舆情数据
2026-03-02 08:15:14,717 - __main__ - INFO - 保存 16 条舆情数据到数据库
2026-03-02 08:15:14,719 - __main__ - WARNING - 🚨 警报 [HIGH]: 负面情绪占比过高：100.0%
2026-03-02 08:15:14,719 - __main__ - INFO - 监控周期完成 - 负面：16, 中性：0, 正面：0
2026-03-02 08:15:14,719 - __main__ - INFO - 平均情感得分：-0.650
2026-03-02 08:15:14,719 - __main__ - INFO - ✅ 第 9 轮监控完成
2026-03-02 08:15:14,719 - __main__ - INFO -    数据点：2026-03-02T08:15:14.718000
2026-03-02 08:15:14,719 - __main__ - INFO -    未处理警报：9
2026-03-02 08:15:14,719 - __main__ - INFO - 
⏳ 300秒后进行下一轮检查...
2026-03-02 08:20:14,765 - __main__ - INFO - 
📊 第 10 轮监控
2026-03-02 08:20:14,767 - __main__ - INFO - ============================================================
2026-03-02 08:20:14,767 - __main__ - INFO - 开始舆情监控周期 - 2026-03-02 08:20:14
2026-03-02 08:20:14,768 - __main__ - INFO - ============================================================
2026-03-02 08:20:14,768 - __main__ - INFO - 正在采集舆情数据...
2026-03-02 08:20:14,768 - __main__ - INFO - 采集到 16 条舆情数据
2026-03-02 08:20:14,770 - __main__ - INFO - 保存 16 条舆情数据到数据库
2026-03-02 08:20:14,774 - __main__ - WARNING - 🚨 警报 [HIGH]: 负面情绪占比过高：100.0%
2026-03-02 08:20:14,775 - __main__ - INFO - 监控周期完成 - 负面：16, 中性：0, 正面：0
2026-03-02 08:20:14,775 - __main__ - INFO - 平均情感得分：-0.650
2026-03-02 08:20:14,775 - __main__ - INFO - ✅ 第 10 轮监控完成
2026-03-02 08:20:14,775 - __main__ - INFO -    数据点：2026-03-02T08:20:14.771834
2026-03-02 08:20:14,775 - __main__ - INFO -    未处理警报：10
2026-03-02 08:20:14,775 - __main__ - INFO - 
⏳ 300秒后进行下一轮检查...
2026-03-02 08:25:14,866 - __main__ - INFO - 
📊 第 11 轮监控
2026-03-02 08:25:14,869 - __main__ - INFO - ============================================================
2026-03-02 08:25:14,869 - __main__ - INFO - 开始舆情监控周期 - 2026-03-02 08:25:14
2026-03-02 08:25:14,869 - __main__ - INFO - ============================================================
2026-03-02 08:25:14,869 - __main__ - INFO - 正在采集舆情数据...
2026-03-02 08:25:14,869 - __main__ - INFO - 采集到 16 条舆情数据
2026-03-02 08:25:14,870 - __main__ - INFO - 保存 16 条舆情数据到数据库
2026-03-02 08:25:14,872 - __main__ - WARNING - 🚨 警报 [HIGH]: 负面情绪占比过高：100.0%
2026-03-02 08:25:14,872 - __main__ - INFO - 监控周期完成 - 负面：16, 中性：0, 正面：0
2026-03-02 08:25:14,872 - __main__ - INFO - 平均情感得分：-0.650
2026-03-02 08:25:14,872 - __main__ - INFO - ✅ 第 11 轮监控完成
2026-03-02 08:25:14,872 - __main__ - INFO -    数据点：2026-03-02T08:25:14.870636
2026-03-02 08:25:14,872 - __main__ - INFO -    未处理警报：11
2026-03-02 08:25:14,872 - __main__ - INFO - 
⏳ 300秒后进行下一轮检查...
2026-03-02 08:30:14,873 - __main__ - INFO - 
📊 第 12 轮监控
2026-03-02 08:30:14,877 - __main__ - INFO - ============================================================
2026-03-02 08:30:14,877 - __main__ - INFO - 开始舆情监控周期 - 2026-03-02 08:30:14
2026-03-02 08:30:14,877 - __main__ - INFO - ============================================================
2026-03-02 08:30:14,878 - __main__ - INFO - 正在采集舆情数据...
2026-03-02 08:30:14,878 - __main__ - INFO - 采集到 16 条舆情数据
2026-03-02 08:30:14,881 - __main__ - INFO - 保存 16 条舆情数据到数据库
2026-03-02 08:30:14,885 - __main__ - WARNING - 🚨 警报 [HIGH]: 负面情绪占比过高：100.0%
2026-03-02 08:30:14,885 - __main__ - INFO - 监控周期完成 - 负面：16, 中性：0, 正面：0
2026-03-02 08:30:14,885 - __main__ - INFO - 平均情感得分：-0.650
2026-03-02 08:30:14,885 - __main__ - INFO - ✅ 第 12 轮监控完成
2026-03-02 08:30:14,885 - __main__ - INFO -    数据点：2026-03-02T08:30:14.882329
2026-03-02 08:30:14,885 - __main__ - INFO -    未处理警报：12
2026-03-02 08:30:14,886 - __main__ - INFO - 
============================================================
2026-03-02 08:30:14,886 - __main__ - INFO - 📈 小时摘要
2026-03-02 08:30:14,886 - __main__ - INFO -    已完成监控轮次：12
2026-03-02 08:30:14,886 - __main__ - INFO -    运行时长：60.0 分钟
2026-03-02 08:30:14,886 - __main__ - INFO - ============================================================
2026-03-02 08:30:14,886 - __main__ - INFO - 
⏳ 300秒后进行下一轮检查...
2026-03-02 08:35:15,022 - __main__ - INFO - 
📊 第 13 轮监控
2026-03-02 08:35:15,023 - __main__ - INFO - ============================================================
2026-03-02 08:35:15,023 - __main__ - INFO - 开始舆情监控周期 - 2026-03-02 08:35:15
2026-03-02 08:35:15,023 - __main__ - INFO - ============================================================
2026-03-02 08:35:15,023 - __main__ - INFO - 正在采集舆情数据...
2026-03-02 08:35:15,023 - __main__ - INFO - 采集到 16 条舆情数据
2026-03-02 08:35:15,026 - __main__ - INFO - 保存 16 条舆情数据到数据库
2026-03-02 08:35:15,029 - __main__ - WARNING - 🚨 警报 [HIGH]: 负面情绪占比过高：100.0%
2026-03-02 08:35:15,030 - __main__ - INFO - 监控周期完成 - 负面：16, 中性：0, 正面：0
2026-03-02 08:35:15,030 - __main__ - INFO - 平均情感得分：-0.650
2026-03-02 08:35:15,030 - __main__ - INFO - ✅ 第 13 轮监控完成
2026-03-02 08:35:15,030 - __main__ - INFO -    数据点：2026-03-02T08:35:15.026479
2026-03-02 08:35:15,030 - __main__ - INFO -    未处理警报：13
2026-03-02 08:35:15,030 - __main__ - INFO - 
⏳ 300秒后进行下一轮检查...
2026-03-02 08:40:15,177 - __main__ - INFO - 
📊 第 14 轮监控
2026-03-02 08:40:15,180 - __main__ - INFO - ============================================================
2026-03-02 08:40:15,180 - __main__ - INFO - 开始舆情监控周期 - 2026-03-02 08:40:15
2026-03-02 08:40:15,181 - __main__ - INFO - ============================================================
2026-03-02 08:40:15,181 - __main__ - INFO - 正在采集舆情数据...
2026-03-02 08:40:15,181 - __main__ - INFO - 采集到 16 条舆情数据
2026-03-02 08:40:15,185 - __main__ - INFO - 保存 16 条舆情数据到数据库
2026-03-02 08:40:15,188 - __main__ - WARNING - 🚨 警报 [HIGH]: 负面情绪占比过高：100.0%
2026-03-02 08:40:15,189 - __main__ - INFO - 监控周期完成 - 负面：16, 中性：0, 正面：0
2026-03-02 08:40:15,189 - __main__ - INFO - 平均情感得分：-0.650
2026-03-02 08:40:15,189 - __main__ - INFO - ✅ 第 14 轮监控完成
2026-03-02 08:40:15,189 - __main__ - INFO -    数据点：2026-03-02T08:40:15.185954
2026-03-02 08:40:15,189 - __main__ - INFO -    未处理警报：14
2026-03-02 08:40:15,189 - __main__ - INFO - 
⏳ 300秒后进行下一轮检查...
2026-03-02 08:45:15,330 - __main__ - INFO - 
📊 第 15 轮监控
2026-03-02 08:45:15,334 - __main__ - INFO - ============================================================
2026-03-02 08:45:15,334 - __main__ - INFO - 开始舆情监控周期 - 2026-03-02 08:45:15
2026-03-02 08:45:15,335 - __main__ - INFO - ============================================================
2026-03-02 08:45:15,335 - __main__ - INFO - 正在采集舆情数据...
2026-03-02 08:45:15,335 - __main__ - INFO - 采集到 16 条舆情数据
2026-03-02 08:45:15,339 - __main__ - INFO - 保存 16 条舆情数据到数据库
2026-03-02 08:45:15,344 - __main__ - WARNING - 🚨 警报 [HIGH]: 负面情绪占比过高：100.0%
2026-03-02 08:45:15,344 - __main__ - INFO - 监控周期完成 - 负面：16, 中性：0, 正面：0
2026-03-02 08:45:15,345 - __main__ - INFO - 平均情感得分：-0.650
2026-03-02 08:45:15,345 - __main__ - INFO - ✅ 第 15 轮监控完成
2026-03-02 08:45:15,345 - __main__ - INFO -    数据点：2026-03-02T08:45:15.340619
2026-03-02 08:45:15,345 - __main__ - INFO -    未处理警报：15
2026-03-02 08:45:15,345 - __main__ - INFO - 
⏳ 300秒后进行下一轮检查...
2026-03-02 08:50:15,487 - __main__ - INFO - 
📊 第 16 轮监控
2026-03-02 08:50:15,489 - __main__ - INFO - ============================================================
2026-03-02 08:50:15,489 - __main__ - INFO - 开始舆情监控周期 - 2026-03-02 08:50:15
2026-03-02 08:50:15,489 - __main__ - INFO - ============================================================
2026-03-02 08:50:15,489 - __main__ - INFO - 正在采集舆情数据...
2026-03-02 08:50:15,489 - __main__ - INFO - 采集到 16 条舆情数据
2026-03-02 08:50:15,493 - __main__ - INFO - 保存 16 条舆情数据到数据库
2026-03-02 08:50:15,496 - __main__ - WARNING - 🚨 警报 [HIGH]: 负面情绪占比过高：100.0%
2026-03-02 08:50:15,496 - __main__ - INFO - 监控周期完成 - 负面：16, 中性：0, 正面：0
2026-03-02 08:50:15,496 - __main__ - INFO - 平均情感得分：-0.650
2026-03-02 08:50:15,496 - __main__ - INFO - ✅ 第 16 轮监控完成
2026-03-02 08:50:15,496 - __main__ - INFO -    数据点：2026-03-02T08:50:15.493411
2026-03-02 08:50:15,496 - __main__ - INFO -    未处理警报：16
2026-03-02 08:50:15,496 - __main__ - INFO - 
⏳ 300秒后进行下一轮检查...
2026-03-02 08:55:15,639 - __main__ - INFO - 
📊 第 17 轮监控
2026-03-02 08:55:15,642 - __main__ - INFO - ============================================================
2026-03-02 08:55:15,642 - __main__ - INFO - 开始舆情监控周期 - 2026-03-02 08:55:15
2026-03-02 08:55:15,642 - __main__ - INFO - ============================================================
2026-03-02 08:55:15,642 - __main__ - INFO - 正在采集舆情数据...
2026-03-02 08:55:15,643 - __main__ - INFO - 采集到 16 条舆情数据
2026-03-02 08:55:15,645 - __main__ - INFO - 保存 16 条舆情数据到数据库
2026-03-02 08:55:15,649 - __main__ - WARNING - 🚨 警报 [HIGH]: 负面情绪占比过高：100.0%
2026-03-02 08:55:15,649 - __main__ - INFO - 监控周期完成 - 负面：16, 中性：0, 正面：0
2026-03-02 08:55:15,649 - __main__ - INFO - 平均情感得分：-0.650
2026-03-02 08:55:15,649 - __main__ - INFO - ✅ 第 17 轮监控完成
2026-03-02 08:55:15,649 - __main__ - INFO -    数据点：2026-03-02T08:55:15.646076
2026-03-02 08:55:15,649 - __main__ - INFO -    未处理警报：17
2026-03-02 08:55:15,649 - __main__ - INFO - 
⏳ 300秒后进行下一轮检查...
2026-03-02 09:00:15,792 - __main__ - INFO - 
📊 第 18 轮监控
2026-03-02 09:00:15,794 - __main__ - INFO - ============================================================
2026-03-02 09:00:15,794 - __main__ - INFO - 开始舆情监控周期 - 2026-03-02 09:00:15
2026-03-02 09:00:15,794 - __main__ - INFO - ============================================================
2026-03-02 09:00:15,795 - __main__ - INFO - 正在采集舆情数据...
2026-03-02 09:00:15,795 - __main__ - INFO - 采集到 16 条舆情数据
2026-03-02 09:00:15,799 - __main__ - INFO - 保存 16 条舆情数据到数据库
2026-03-02 09:00:15,802 - __main__ - WARNING - 🚨 警报 [HIGH]: 负面情绪占比过高：100.0%
2026-03-02 09:00:15,802 - __main__ - INFO - 监控周期完成 - 负面：16, 中性：0, 正面：0
2026-03-02 09:00:15,802 - __main__ - INFO - 平均情感得分：-0.650
2026-03-02 09:00:15,802 - __main__ - INFO - ✅ 第 18 轮监控完成
2026-03-02 09:00:15,802 - __main__ - INFO -    数据点：2026-03-02T09:00:15.799473
2026-03-02 09:00:15,802 - __main__ - INFO -    未处理警报：18
2026-03-02 09:00:15,803 - __main__ - INFO - 
⏳ 300秒后进行下一轮检查...
2026-03-02 09:05:15,947 - __main__ - INFO - 
📊 第 19 轮监控
2026-03-02 09:05:15,950 - __main__ - INFO - ============================================================
2026-03-02 09:05:15,950 - __main__ - INFO - 开始舆情监控周期 - 2026-03-02 09:05:15
2026-03-02 09:05:15,950 - __main__ - INFO - ============================================================
2026-03-02 09:05:15,950 - __main__ - INFO - 正在采集舆情数据...
2026-03-02 09:05:15,951 - __main__ - INFO - 采集到 16 条舆情数据
2026-03-02 09:05:15,954 - __main__ - INFO - 保存 16 条舆情数据到数据库
2026-03-02 09:05:15,960 - __main__ - WARNING - 🚨 警报 [HIGH]: 负面情绪占比过高：100.0%
2026-03-02 09:05:15,961 - __main__ - INFO - 监控周期完成 - 负面：16, 中性：0, 正面：0
2026-03-02 09:05:15,961 - __main__ - INFO - 平均情感得分：-0.650
2026-03-02 09:05:15,961 - __main__ - INFO - ✅ 第 19 轮监控完成
2026-03-02 09:05:15,961 - __main__ - INFO -    数据点：2026-03-02T09:05:15.954580
2026-03-02 09:05:15,961 - __main__ - INFO -    未处理警报：19
2026-03-02 09:05:15,961 - __main__ - INFO - 
⏳ 300秒后进行下一轮检查...
2026-03-02 09:10:16,101 - __main__ - INFO - 
📊 第 20 轮监控
2026-03-02 09:10:16,102 - __main__ - INFO - ============================================================
2026-03-02 09:10:16,103 - __main__ - INFO - 开始舆情监控周期 - 2026-03-02 09:10:16
2026-03-02 09:10:16,103 - __main__ - INFO - ============================================================
2026-03-02 09:10:16,104 - __main__ - INFO - 正在采集舆情数据...
2026-03-02 09:10:16,104 - __main__ - INFO - 采集到 16 条舆情数据
2026-03-02 09:10:16,106 - __main__ - INFO - 保存 16 条舆情数据到数据库
2026-03-02 09:10:16,109 - __main__ - WARNING - 🚨 警报 [HIGH]: 负面情绪占比过高：100.0%
2026-03-02 09:10:16,110 - __main__ - INFO - 监控周期完成 - 负面：16, 中性：0, 正面：0
2026-03-02 09:10:16,110 - __main__ - INFO - 平均情感得分：-0.650
2026-03-02 09:10:16,110 - __main__ - INFO - ✅ 第 20 轮监控完成
2026-03-02 09:10:16,110 - __main__ - INFO -    数据点：2026-03-02T09:10:16.107179
2026-03-02 09:10:16,110 - __main__ - INFO -    未处理警报：20
2026-03-02 09:10:16,110 - __main__ - INFO - 
⏳ 300秒后进行下一轮检查...
2026-03-02 09:15:16,168 - __main__ - INFO - 
📊 第 21 轮监控
2026-03-02 09:15:16,170 - __main__ - INFO - ============================================================
2026-03-02 09:15:16,170 - __main__ - INFO - 开始舆情监控周期 - 2026-03-02 09:15:16
2026-03-02 09:15:16,170 - __main__ - INFO - ============================================================
2026-03-02 09:15:16,170 - __main__ - INFO - 正在采集舆情数据...
2026-03-02 09:15:16,170 - __main__ - INFO - 采集到 16 条舆情数据
2026-03-02 09:15:16,172 - __main__ - INFO - 保存 16 条舆情数据到数据库
2026-03-02 09:15:16,174 - __main__ - WARNING - 🚨 警报 [HIGH]: 负面情绪占比过高：100.0%
2026-03-02 09:15:16,174 - __main__ - INFO - 监控周期完成 - 负面：16, 中性：0, 正面：0
2026-03-02 09:15:16,174 - __main__ - INFO - 平均情感得分：-0.650
2026-03-02 09:15:16,174 - __main__ - INFO - ✅ 第 21 轮监控完成
2026-03-02 09:15:16,174 - __main__ - INFO -    数据点：2026-03-02T09:15:16.172800
2026-03-02 09:15:16,174 - __main__ - INFO -    未处理警报：21
2026-03-02 09:15:16,174 - __main__ - INFO - 
⏳ 300秒后进行下一轮检查...
2026-03-02 09:20:16,322 - __main__ - INFO - 
📊 第 22 轮监控
2026-03-02 09:20:16,325 - __main__ - INFO - ============================================================
2026-03-02 09:20:16,326 - __main__ - INFO - 开始舆情监控周期 - 2026-03-02 09:20:16
2026-03-02 09:20:16,326 - __main__ - INFO - ============================================================
2026-03-02 09:20:16,326 - __main__ - INFO - 正在采集舆情数据...
2026-03-02 09:20:16,326 - __main__ - INFO - 采集到 16 条舆情数据
2026-03-02 09:20:16,329 - __main__ - INFO - 保存 16 条舆情数据到数据库
2026-03-02 09:20:16,332 - __main__ - WARNING - 🚨 警报 [HIGH]: 负面情绪占比过高：100.0%
2026-03-02 09:20:16,333 - __main__ - INFO - 监控周期完成 - 负面：16, 中性：0, 正面：0
2026-03-02 09:20:16,333 - __main__ - INFO - 平均情感得分：-0.650
2026-03-02 09:20:16,333 - __main__ - INFO - ✅ 第 22 轮监控完成
2026-03-02 09:20:16,333 - __main__ - INFO -    数据点：2026-03-02T09:20:16.330271
2026-03-02 09:20:16,333 - __main__ - INFO -    未处理警报：22
2026-03-02 09:20:16,333 - __main__ - INFO - 
⏳ 300秒后进行下一轮检查...
2026-03-02 09:25:16,470 - __main__ - INFO - 
📊 第 23 轮监控
2026-03-02 09:25:16,474 - __main__ - INFO - ============================================================
2026-03-02 09:25:16,474 - __main__ - INFO - 开始舆情监控周期 - 2026-03-02 09:25:16
2026-03-02 09:25:16,474 - __main__ - INFO - ============================================================
2026-03-02 09:25:16,474 - __main__ - INFO - 正在采集舆情数据...
2026-03-02 09:25:16,475 - __main__ - INFO - 采集到 16 条舆情数据
2026-03-02 09:25:16,478 - __main__ - INFO - 保存 16 条舆情数据到数据库
2026-03-02 09:25:16,482 - __main__ - WARNING - 🚨 警报 [HIGH]: 负面情绪占比过高：100.0%
2026-03-02 09:25:16,482 - __main__ - INFO - 监控周期完成 - 负面：16, 中性：0, 正面：0
2026-03-02 09:25:16,482 - __main__ - INFO - 平均情感得分：-0.650
2026-03-02 09:25:16,483 - __main__ - INFO - ✅ 第 23 轮监控完成
2026-03-02 09:25:16,483 - __main__ - INFO -    数据点：2026-03-02T09:25:16.479337
2026-03-02 09:25:16,483 - __main__ - INFO -    未处理警报：23
2026-03-02 09:25:16,483 - __main__ - INFO - 
⏳ 300秒后进行下一轮检查...
2026-03-02 09:30:16,625 - __main__ - INFO - 
📊 第 24 轮监控
2026-03-02 09:30:16,628 - __main__ - INFO - ============================================================
2026-03-02 09:30:16,628 - __main__ - INFO - 开始舆情监控周期 - 2026-03-02 09:30:16
2026-03-02 09:30:16,628 - __main__ - INFO - ============================================================
2026-03-02 09:30:16,628 - __main__ - INFO - 正在采集舆情数据...
2026-03-02 09:30:16,628 - __main__ - INFO - 采集到 16 条舆情数据
2026-03-02 09:30:16,631 - __main__ - INFO - 保存 16 条舆情数据到数据库
2026-03-02 09:30:16,634 - __main__ - WARNING - 🚨 警报 [HIGH]: 负面情绪占比过高：100.0%
2026-03-02 09:30:16,634 - __main__ - INFO - 监控周期完成 - 负面：16, 中性：0, 正面：0
2026-03-02 09:30:16,634 - __main__ - INFO - 平均情感得分：-0.650
2026-03-02 09:30:16,634 - __main__ - INFO - ✅ 第 24 轮监控完成
2026-03-02 09:30:16,634 - __main__ - INFO -    数据点：2026-03-02T09:30:16.632132
2026-03-02 09:30:16,634 - __main__ - INFO -    未处理警报：24
2026-03-02 09:30:16,635 - __main__ - INFO - 
============================================================
2026-03-02 09:30:16,635 - __main__ - INFO - 📈 小时摘要
2026-03-02 09:30:16,635 - __main__ - INFO -    已完成监控轮次：24
2026-03-02 09:30:16,635 - __main__ - INFO -    运行时长：120.0 分钟
2026-03-02 09:30:16,635 - __main__ - INFO - ============================================================
2026-03-02 09:30:16,635 - __main__ - INFO - 
⏳ 300秒后进行下一轮检查...
2026-03-02 09:35:16,743 - __main__ - INFO - 
📊 第 25 轮监控
2026-03-02 09:35:16,746 - __main__ - INFO - ============================================================
2026-03-02 09:35:16,746 - __main__ - INFO - 开始舆情监控周期 - 2026-03-02 09:35:16
2026-03-02 09:35:16,746 - __main__ - INFO - ============================================================
2026-03-02 09:35:16,746 - __main__ - INFO - 正在采集舆情数据...
2026-03-02 09:35:16,746 - __main__ - INFO - 采集到 16 条舆情数据
2026-03-02 09:35:16,749 - __main__ - INFO - 保存 16 条舆情数据到数据库
2026-03-02 09:35:16,752 - __main__ - WARNING - 🚨 警报 [HIGH]: 负面情绪占比过高：100.0%
2026-03-02 09:35:16,753 - __main__ - INFO - 监控周期完成 - 负面：16, 中性：0, 正面：0
2026-03-02 09:35:16,753 - __main__ - INFO - 平均情感得分：-0.650
2026-03-02 09:35:16,753 - __main__ - INFO - ✅ 第 25 轮监控完成
2026-03-02 09:35:16,753 - __main__ - INFO -    数据点：2026-03-02T09:35:16.750214
2026-03-02 09:35:16,753 - __main__ - INFO -    未处理警报：25
2026-03-02 09:35:16,753 - __main__ - INFO - 
⏳ 300秒后进行下一轮检查...
2026-03-02 09:40:16,821 - __main__ - INFO - 
📊 第 26 轮监控
2026-03-02 09:40:16,826 - __main__ - INFO - ============================================================
2026-03-02 09:40:16,826 - __main__ - INFO - 开始舆情监控周期 - 2026-03-02 09:40:16
2026-03-02 09:40:16,826 - __main__ - INFO - ============================================================
2026-03-02 09:40:16,826 - __main__ - INFO - 正在采集舆情数据...
2026-03-02 09:40:16,827 - __main__ - INFO - 采集到 16 条舆情数据
2026-03-02 09:40:16,828 - __main__ - INFO - 保存 16 条舆情数据到数据库
2026-03-02 09:40:16,829 - __main__ - WARNING - 🚨 警报 [HIGH]: 负面情绪占比过高：100.0%
2026-03-02 09:40:16,830 - __main__ - INFO - 监控周期完成 - 负面：16, 中性：0, 正面：0
2026-03-02 09:40:16,830 - __main__ - INFO - 平均情感得分：-0.650
2026-03-02 09:40:16,830 - __main__ - INFO - ✅ 第 26 轮监控完成
2026-03-02 09:40:16,830 - __main__ - INFO -    数据点：2026-03-02T09:40:16.828775
2026-03-02 09:40:16,830 - __main__ - INFO -    未处理警报：26
2026-03-02 09:40:16,830 - __main__ - INFO - 
⏳ 300秒后进行下一轮检查...
2026-03-02 09:45:16,897 - __main__ - INFO - 
📊 第 27 轮监控
2026-03-02 09:45:16,900 - __main__ - INFO - ============================================================
2026-03-02 09:45:16,900 - __main__ - INFO - 开始舆情监控周期 - 2026-03-02 09:45:16
2026-03-02 09:45:16,900 - __main__ - INFO - ============================================================
2026-03-02 09:45:16,900 - __main__ - INFO - 正在采集舆情数据...
2026-03-02 09:45:16,900 - __main__ - INFO - 采集到 16 条舆情数据
2026-03-02 09:45:16,903 - __main__ - INFO - 保存 16 条舆情数据到数据库
2026-03-02 09:45:16,907 - __main__ - WARNING - 🚨 警报 [HIGH]: 负面情绪占比过高：100.0%
2026-03-02 09:45:16,908 - __main__ - INFO - 监控周期完成 - 负面：16, 中性：0, 正面：0
2026-03-02 09:45:16,908 - __main__ - INFO - 平均情感得分：-0.650
2026-03-02 09:45:16,908 - __main__ - INFO - ✅ 第 27 轮监控完成
2026-03-02 09:45:16,908 - __main__ - INFO -    数据点：2026-03-02T09:45:16.904041
2026-03-02 09:45:16,908 - __main__ - INFO -    未处理警报：27
2026-03-02 09:45:16,909 - __main__ - INFO - 
⏳ 300秒后进行下一轮检查...
2026-03-02 09:50:16,980 - __main__ - INFO - 
📊 第 28 轮监控
2026-03-02 09:50:16,984 - __main__ - INFO - ============================================================
2026-03-02 09:50:16,984 - __main__ - INFO - 开始舆情监控周期 - 2026-03-02 09:50:16
2026-03-02 09:50:16,984 - __main__ - INFO - ============================================================
2026-03-02 09:50:16,984 - __main__ - INFO - 正在采集舆情数据...
2026-03-02 09:50:16,984 - __main__ - INFO - 采集到 16 条舆情数据
2026-03-02 09:50:16,988 - __main__ - INFO - 保存 16 条舆情数据到数据库
2026-03-02 09:50:16,991 - __main__ - WARNING - 🚨 警报 [HIGH]: 负面情绪占比过高：100.0%
2026-03-02 09:50:16,992 - __main__ - INFO - 监控周期完成 - 负面：16, 中性：0, 正面：0
2026-03-02 09:50:16,992 - __main__ - INFO - 平均情感得分：-0.650
2026-03-02 09:50:16,992 - __main__ - INFO - ✅ 第 28 轮监控完成
2026-03-02 09:50:16,992 - __main__ - INFO -    数据点：2026-03-02T09:50:16.989369
2026-03-02 09:50:16,992 - __main__ - INFO -    未处理警报：28
2026-03-02 09:50:16,992 - __main__ - INFO - 
⏳ 300秒后进行下一轮检查...
2026-03-02 09:55:17,133 - __main__ - INFO - 
📊 第 29 轮监控
2026-03-02 09:55:17,136 - __main__ - INFO - ============================================================
2026-03-02 09:55:17,136 - __main__ - INFO - 开始舆情监控周期 - 2026-03-02 09:55:17
2026-03-02 09:55:17,136 - __main__ - INFO - ============================================================
2026-03-02 09:55:17,136 - __main__ - INFO - 正在采集舆情数据...
2026-03-02 09:55:17,137 - __main__ - INFO - 采集到 16 条舆情数据
2026-03-02 09:55:17,140 - __main__ - INFO - 保存 16 条舆情数据到数据库
2026-03-02 09:55:17,144 - __main__ - WARNING - 🚨 警报 [HIGH]: 负面情绪占比过高：100.0%
2026-03-02 09:55:17,145 - __main__ - INFO - 监控周期完成 - 负面：16, 中性：0, 正面：0
2026-03-02 09:55:17,145 - __main__ - INFO - 平均情感得分：-0.650
2026-03-02 09:55:17,145 - __main__ - INFO - ✅ 第 29 轮监控完成
2026-03-02 09:55:17,145 - __main__ - INFO -    数据点：2026-03-02T09:55:17.141503
2026-03-02 09:55:17,145 - __main__ - INFO -    未处理警报：29
2026-03-02 09:55:17,145 - __main__ - INFO - 
⏳ 300秒后进行下一轮检查...
2026-03-02 10:00:17,292 - __main__ - INFO - 
📊 第 30 轮监控
2026-03-02 10:00:17,296 - __main__ - INFO - ============================================================
2026-03-02 10:00:17,296 - __main__ - INFO - 开始舆情监控周期 - 2026-03-02 10:00:17
2026-03-02 10:00:17,296 - __main__ - INFO - ============================================================
2026-03-02 10:00:17,296 - __main__ - INFO - 正在采集舆情数据...
2026-03-02 10:00:17,297 - __main__ - INFO - 采集到 16 条舆情数据
2026-03-02 10:00:17,301 - __main__ - INFO - 保存 16 条舆情数据到数据库
2026-03-02 10:00:17,304 - __main__ - WARNING - 🚨 警报 [HIGH]: 负面情绪占比过高：100.0%
2026-03-02 10:00:17,312 - __main__ - INFO - 监控周期完成 - 负面：16, 中性：0, 正面：0
2026-03-02 10:00:17,312 - __main__ - INFO - 平均情感得分：-0.650
2026-03-02 10:00:17,312 - __main__ - INFO - ✅ 第 30 轮监控完成
2026-03-02 10:00:17,312 - __main__ - INFO -    数据点：2026-03-02T10:00:17.301495
2026-03-02 10:00:17,312 - __main__ - INFO -    未处理警报：30
2026-03-02 10:00:17,312 - __main__ - INFO - 
⏳ 300秒后进行下一轮检查...
2026-03-02 10:05:17,459 - __main__ - INFO - 
📊 第 31 轮监控
2026-03-02 10:05:17,461 - __main__ - INFO - ============================================================
2026-03-02 10:05:17,461 - __main__ - INFO - 开始舆情监控周期 - 2026-03-02 10:05:17
2026-03-02 10:05:17,461 - __main__ - INFO - ============================================================
2026-03-02 10:05:17,461 - __main__ - INFO - 正在采集舆情数据...
2026-03-02 10:05:17,461 - __main__ - INFO - 采集到 16 条舆情数据
2026-03-02 10:05:17,464 - __main__ - INFO - 保存 16 条舆情数据到数据库
2026-03-02 10:05:17,466 - __main__ - WARNING - 🚨 警报 [HIGH]: 负面情绪占比过高：100.0%
2026-03-02 10:05:17,467 - __main__ - INFO - 监控周期完成 - 负面：16, 中性：0, 正面：0
2026-03-02 10:05:17,467 - __main__ - INFO - 平均情感得分：-0.650
2026-03-02 10:05:17,467 - __main__ - INFO - ✅ 第 31 轮监控完成
2026-03-02 10:05:17,467 - __main__ - INFO -    数据点：2026-03-02T10:05:17.464555
2026-03-02 10:05:17,467 - __main__ - INFO -    未处理警报：31
2026-03-02 10:05:17,467 - __main__ - INFO - 
⏳ 300秒后进行下一轮检查...
2026-03-02 10:10:17,614 - __main__ - INFO - 
📊 第 32 轮监控
2026-03-02 10:10:17,617 - __main__ - INFO - ============================================================
2026-03-02 10:10:17,618 - __main__ - INFO - 开始舆情监控周期 - 2026-03-02 10:10:17
2026-03-02 10:10:17,618 - __main__ - INFO - ============================================================
2026-03-02 10:10:17,618 - __main__ - INFO - 正在采集舆情数据...
2026-03-02 10:10:17,619 - __main__ - INFO - 采集到 16 条舆情数据
2026-03-02 10:10:17,622 - __main__ - INFO - 保存 16 条舆情数据到数据库
2026-03-02 10:10:17,624 - __main__ - WARNING - 🚨 警报 [HIGH]: 负面情绪占比过高：100.0%
2026-03-02 10:10:17,625 - __main__ - INFO - 监控周期完成 - 负面：16, 中性：0, 正面：0
2026-03-02 10:10:17,625 - __main__ - INFO - 平均情感得分：-0.650
2026-03-02 10:10:17,625 - __main__ - INFO - ✅ 第 32 轮监控完成
2026-03-02 10:10:17,625 - __main__ - INFO -    数据点：2026-03-02T10:10:17.622347
2026-03-02 10:10:17,625 - __main__ - INFO -    未处理警报：32
2026-03-02 10:10:17,625 - __main__ - INFO - 
⏳ 300秒后进行下一轮检查...
2026-03-02 10:15:17,769 - __main__ - INFO - 
📊 第 33 轮监控
2026-03-02 10:15:17,772 - __main__ - INFO - ============================================================
2026-03-02 10:15:17,772 - __main__ - INFO - 开始舆情监控周期 - 2026-03-02 10:15:17
2026-03-02 10:15:17,772 - __main__ - INFO - ============================================================
2026-03-02 10:15:17,772 - __main__ - INFO - 正在采集舆情数据...
2026-03-02 10:15:17,772 - __main__ - INFO - 采集到 16 条舆情数据
2026-03-02 10:15:17,774 - __main__ - INFO - 保存 16 条舆情数据到数据库
2026-03-02 10:15:17,776 - __main__ - WARNING - 🚨 警报 [HIGH]: 负面情绪占比过高：100.0%
2026-03-02 10:15:17,777 - __main__ - INFO - 监控周期完成 - 负面：16, 中性：0, 正面：0
2026-03-02 10:15:17,777 - __main__ - INFO - 平均情感得分：-0.650
2026-03-02 10:15:17,777 - __main__ - INFO - ✅ 第 33 轮监控完成
2026-03-02 10:15:17,777 - __main__ - INFO -    数据点：2026-03-02T10:15:17.774788
2026-03-02 10:15:17,777 - __main__ - INFO -    未处理警报：33
2026-03-02 10:15:17,777 - __main__ - INFO - 
⏳ 300秒后进行下一轮检查...
2026-03-02 10:20:17,899 - __main__ - INFO - 
📊 第 34 轮监控
2026-03-02 10:20:17,902 - __main__ - INFO - ============================================================
2026-03-02 10:20:17,902 - __main__ - INFO - 开始舆情监控周期 - 2026-03-02 10:20:17
2026-03-02 10:20:17,902 - __main__ - INFO - ============================================================
2026-03-02 10:20:17,903 - __main__ - INFO - 正在采集舆情数据...
2026-03-02 10:20:17,903 - __main__ - INFO - 采集到 16 条舆情数据
2026-03-02 10:20:17,906 - __main__ - INFO - 保存 16 条舆情数据到数据库
2026-03-02 10:20:17,910 - __main__ - WARNING - 🚨 警报 [HIGH]: 负面情绪占比过高：100.0%
2026-03-02 10:20:17,910 - __main__ - INFO - 监控周期完成 - 负面：16, 中性：0, 正面：0
2026-03-02 10:20:17,910 - __main__ - INFO - 平均情感得分：-0.650
2026-03-02 10:20:17,910 - __main__ - INFO - ✅ 第 34 轮监控完成
2026-03-02 10:20:17,910 - __main__ - INFO -    数据点：2026-03-02T10:20:17.906625
2026-03-02 10:20:17,911 - __main__ - INFO -    未处理警报：34
2026-03-02 10:20:17,911 - __main__ - INFO - 
⏳ 300秒后进行下一轮检查...
2026-03-02 10:25:18,053 - __main__ - INFO - 
📊 第 35 轮监控
2026-03-02 10:25:18,059 - __main__ - INFO - ============================================================
2026-03-02 10:25:18,059 - __main__ - INFO - 开始舆情监控周期 - 2026-03-02 10:25:18
2026-03-02 10:25:18,059 - __main__ - INFO - ============================================================
2026-03-02 10:25:18,059 - __main__ - INFO - 正在采集舆情数据...
2026-03-02 10:25:18,059 - __main__ - INFO - 采集到 16 条舆情数据
2026-03-02 10:25:18,063 - __main__ - INFO - 保存 16 条舆情数据到数据库
2026-03-02 10:25:18,067 - __main__ - WARNING - 🚨 警报 [HIGH]: 负面情绪占比过高：100.0%
2026-03-02 10:25:18,068 - __main__ - INFO - 监控周期完成 - 负面：16, 中性：0, 正面：0
2026-03-02 10:25:18,068 - __main__ - INFO - 平均情感得分：-0.650
2026-03-02 10:25:18,068 - __main__ - INFO - ✅ 第 35 轮监控完成
2026-03-02 10:25:18,068 - __main__ - INFO -    数据点：2026-03-02T10:25:18.064247
2026-03-02 10:25:18,068 - __main__ - INFO -    未处理警报：35
2026-03-02 10:25:18,068 - __main__ - INFO - 
⏳ 300秒后进行下一轮检查...
2026-03-02 10:30:18,211 - __main__ - INFO - 
📊 第 36 轮监控
2026-03-02 10:30:18,214 - __main__ - INFO - ============================================================
2026-03-02 10:30:18,214 - __main__ - INFO - 开始舆情监控周期 - 2026-03-02 10:30:18
2026-03-02 10:30:18,214 - __main__ - INFO - ============================================================
2026-03-02 10:30:18,214 - __main__ - INFO - 正在采集舆情数据...
2026-03-02 10:30:18,214 - __main__ - INFO - 采集到 16 条舆情数据
2026-03-02 10:30:18,218 - __main__ - INFO - 保存 16 条舆情数据到数据库
2026-03-02 10:30:18,221 - __main__ - WARNING - 🚨 警报 [HIGH]: 负面情绪占比过高：100.0%
2026-03-02 10:30:18,222 - __main__ - INFO - 监控周期完成 - 负面：16, 中性：0, 正面：0
2026-03-02 10:30:18,222 - __main__ - INFO - 平均情感得分：-0.650
2026-03-02 10:30:18,222 - __main__ - INFO - ✅ 第 36 轮监控完成
2026-03-02 10:30:18,222 - __main__ - INFO -    数据点：2026-03-02T10:30:18.218842
2026-03-02 10:30:18,223 - __main__ - INFO -    未处理警报：36
2026-03-02 10:30:18,223 - __main__ - INFO - 
============================================================
2026-03-02 10:30:18,223 - __main__ - INFO - 📈 小时摘要
2026-03-02 10:30:18,223 - __main__ - INFO -    已完成监控轮次：36
2026-03-02 10:30:18,223 - __main__ - INFO -    运行时长：180.0 分钟
2026-03-02 10:30:18,223 - __main__ - INFO - ============================================================
2026-03-02 10:30:18,223 - __main__ - INFO - 
⏳ 300秒后进行下一轮检查...
2026-03-02 10:35:18,367 - __main__ - INFO - 
📊 第 37 轮监控
2026-03-02 10:35:18,370 - __main__ - INFO - ============================================================
2026-03-02 10:35:18,370 - __main__ - INFO - 开始舆情监控周期 - 2026-03-02 10:35:18
2026-03-02 10:35:18,370 - __main__ - INFO - ============================================================
2026-03-02 10:35:18,370 - __main__ - INFO - 正在采集舆情数据...
2026-03-02 10:35:18,370 - __main__ - INFO - 采集到 16 条舆情数据
2026-03-02 10:35:18,373 - __main__ - INFO - 保存 16 条舆情数据到数据库
2026-03-02 10:35:18,376 - __main__ - WARNING - 🚨 警报 [HIGH]: 负面情绪占比过高：100.0%
2026-03-02 10:35:18,377 - __main__ - INFO - 监控周期完成 - 负面：16, 中性：0, 正面：0
2026-03-02 10:35:18,377 - __main__ - INFO - 平均情感得分：-0.650
2026-03-02 10:35:18,377 - __main__ - INFO - ✅ 第 37 轮监控完成
2026-03-02 10:35:18,377 - __main__ - INFO -    数据点：2026-03-02T10:35:18.373888
2026-03-02 10:35:18,377 - __main__ - INFO -    未处理警报：37
2026-03-02 10:35:18,377 - __main__ - INFO - 
⏳ 300秒后进行下一轮检查...
2026-03-02 10:40:18,502 - __main__ - INFO - 
📊 第 38 轮监控
2026-03-02 10:40:18,506 - __main__ - INFO - ============================================================
2026-03-02 10:40:18,506 - __main__ - INFO - 开始舆情监控周期 - 2026-03-02 10:40:18
2026-03-02 10:40:18,506 - __main__ - INFO - ============================================================
2026-03-02 10:40:18,506 - __main__ - INFO - 正在采集舆情数据...
2026-03-02 10:40:18,506 - __main__ - INFO - 采集到 16 条舆情数据
2026-03-02 10:40:18,509 - __main__ - INFO - 保存 16 条舆情数据到数据库
2026-03-02 10:40:18,512 - __main__ - WARNING - 🚨 警报 [HIGH]: 负面情绪占比过高：100.0%
2026-03-02 10:40:18,513 - __main__ - INFO - 监控周期完成 - 负面：16, 中性：0, 正面：0
2026-03-02 10:40:18,513 - __main__ - INFO - 平均情感得分：-0.650
2026-03-02 10:40:18,513 - __main__ - INFO - ✅ 第 38 轮监控完成
2026-03-02 10:40:18,513 - __main__ - INFO -    数据点：2026-03-02T10:40:18.510199
2026-03-02 10:40:18,513 - __main__ - INFO -    未处理警报：38
2026-03-02 10:40:18,513 - __main__ - INFO - 
⏳ 300秒后进行下一轮检查...
2026-03-02 10:45:18,566 - __main__ - INFO - 
📊 第 39 轮监控
2026-03-02 10:45:18,568 - __main__ - INFO - ============================================================
2026-03-02 10:45:18,569 - __main__ - INFO - 开始舆情监控周期 - 2026-03-02 10:45:18
2026-03-02 10:45:18,569 - __main__ - INFO - ============================================================
2026-03-02 10:45:18,569 - __main__ - INFO - 正在采集舆情数据...
2026-03-02 10:45:18,569 - __main__ - INFO - 采集到 16 条舆情数据
2026-03-02 10:45:18,571 - __main__ - INFO - 保存 16 条舆情数据到数据库
2026-03-02 10:45:18,575 - __main__ - WARNING - 🚨 警报 [HIGH]: 负面情绪占比过高：100.0%
2026-03-02 10:45:18,576 - __main__ - INFO - 监控周期完成 - 负面：16, 中性：0, 正面：0
2026-03-02 10:45:18,577 - __main__ - INFO - 平均情感得分：-0.650
2026-03-02 10:45:18,577 - __main__ - INFO - ✅ 第 39 轮监控完成
2026-03-02 10:45:18,577 - __main__ - INFO -    数据点：2026-03-02T10:45:18.572480
2026-03-02 10:45:18,577 - __main__ - INFO -    未处理警报：39
2026-03-02 10:45:18,577 - __main__ - INFO - 
⏳ 300秒后进行下一轮检查...
