/Users/gexin/Library/Python/3.9/lib/python/site-packages/urllib3/__init__.py:35: NotOpenSSLWarning: urllib3 v2 only supports OpenSSL 1.1.1+, currently the 'ssl' module is compiled with 'LibreSSL 2.8.3'. See: https://github.com/urllib3/urllib3/issues/3020
  warnings.warn(
2026-03-02 07:33:21,718 - __main__ - INFO - ============================================================
2026-03-02 07:33:21,718 - __main__ - INFO - 舆情监控服务启动
2026-03-02 07:33:21,718 - __main__ - INFO - ============================================================
2026-03-02 07:33:21,722 - src.sentiment.monitor - INFO - Added stock to monitor: AAPL
2026-03-02 07:33:21,722 - src.sentiment.monitor - INFO - Added stock to monitor: TSLA
2026-03-02 07:33:21,722 - src.sentiment.monitor - INFO - Added stock to monitor: NVDA
2026-03-02 07:33:21,722 - src.sentiment.monitor - INFO - Added stock to monitor: MSFT
2026-03-02 07:33:21,722 - src.sentiment.monitor - INFO - Added stock to monitor: GOOGL
2026-03-02 07:33:21,722 - src.sentiment.monitor - INFO - Added stock to monitor: 000001.SZ
2026-03-02 07:33:21,722 - src.sentiment.monitor - INFO - Added stock to monitor: 600519.SS
2026-03-02 07:33:21,723 - src.sentiment.monitor - INFO - Added stock to monitor: 300750.SZ
2026-03-02 07:33:21,723 - __main__ - INFO - 已添加 8 只重点监控股票
2026-03-02 07:33:21,723 - __main__ - INFO - [2026-03-02 07:33:21] 开始舆情数据采集...
2026-03-02 07:33:21,723 - __main__ - INFO -   - 检查 600519.SS 的舆情...
2026-03-02 07:33:21,723 - __main__ - INFO -   - 检查 AAPL 的舆情...
2026-03-02 07:33:21,723 - __main__ - INFO -   - 检查 MSFT 的舆情...
2026-03-02 07:33:21,723 - __main__ - INFO -   - 检查 000001.SZ 的舆情...
2026-03-02 07:33:21,723 - __main__ - INFO -   - 检查 TSLA 的舆情...
2026-03-02 07:33:21,723 - __main__ - INFO -   - 检查 GOOGL 的舆情...
2026-03-02 07:33:21,723 - __main__ - INFO -   - 检查 NVDA 的舆情...
2026-03-02 07:33:21,723 - __main__ - INFO -   - 检查 300750.SZ 的舆情...
2026-03-02 07:33:21,723 - __main__ - INFO - 本轮检查完成，300秒后继续...
2026-03-02 07:38:21,825 - __main__ - INFO - [2026-03-02 07:38:21] 开始舆情数据采集...
2026-03-02 07:38:21,827 - __main__ - INFO -   - 检查 600519.SS 的舆情...
2026-03-02 07:38:21,828 - __main__ - INFO -   - 检查 AAPL 的舆情...
2026-03-02 07:38:21,828 - __main__ - INFO -   - 检查 MSFT 的舆情...
2026-03-02 07:38:21,828 - __main__ - INFO -   - 检查 000001.SZ 的舆情...
2026-03-02 07:38:21,828 - __main__ - INFO -   - 检查 TSLA 的舆情...
2026-03-02 07:38:21,828 - __main__ - INFO -   - 检查 GOOGL 的舆情...
2026-03-02 07:38:21,828 - __main__ - INFO -   - 检查 NVDA 的舆情...
2026-03-02 07:38:21,828 - __main__ - INFO -   - 检查 300750.SZ 的舆情...
2026-03-02 07:38:21,828 - __main__ - INFO - 本轮检查完成，300秒后继续...
2026-03-02 07:43:21,977 - __main__ - INFO - [2026-03-02 07:43:21] 开始舆情数据采集...
2026-03-02 07:43:21,978 - __main__ - INFO -   - 检查 600519.SS 的舆情...
2026-03-02 07:43:21,982 - __main__ - INFO -   - 检查 AAPL 的舆情...
2026-03-02 07:43:21,984 - __main__ - INFO -   - 检查 MSFT 的舆情...
2026-03-02 07:43:21,984 - __main__ - INFO -   - 检查 000001.SZ 的舆情...
2026-03-02 07:43:21,984 - __main__ - INFO -   - 检查 TSLA 的舆情...
2026-03-02 07:43:21,988 - __main__ - INFO -   - 检查 GOOGL 的舆情...
2026-03-02 07:43:21,990 - __main__ - INFO -   - 检查 NVDA 的舆情...
2026-03-02 07:43:21,990 - __main__ - INFO -   - 检查 300750.SZ 的舆情...
2026-03-02 07:43:21,990 - __main__ - INFO - 本轮检查完成，300秒后继续...
2026-03-02 07:48:22,080 - __main__ - INFO - [2026-03-02 07:48:22] 开始舆情数据采集...
2026-03-02 07:48:22,081 - __main__ - INFO -   - 检查 600519.SS 的舆情...
2026-03-02 07:48:22,081 - __main__ - INFO -   - 检查 AAPL 的舆情...
2026-03-02 07:48:22,081 - __main__ - INFO -   - 检查 MSFT 的舆情...
2026-03-02 07:48:22,081 - __main__ - INFO -   - 检查 000001.SZ 的舆情...
2026-03-02 07:48:22,081 - __main__ - INFO -   - 检查 TSLA 的舆情...
2026-03-02 07:48:22,081 - __main__ - INFO -   - 检查 GOOGL 的舆情...
2026-03-02 07:48:22,081 - __main__ - INFO -   - 检查 NVDA 的舆情...
2026-03-02 07:48:22,081 - __main__ - INFO -   - 检查 300750.SZ 的舆情...
2026-03-02 07:48:22,081 - __main__ - INFO - 本轮检查完成，300秒后继续...
2026-03-02 07:53:22,210 - __main__ - INFO - [2026-03-02 07:53:22] 开始舆情数据采集...
2026-03-02 07:53:22,213 - __main__ - INFO -   - 检查 600519.SS 的舆情...
2026-03-02 07:53:22,213 - __main__ - INFO -   - 检查 AAPL 的舆情...
2026-03-02 07:53:22,213 - __main__ - INFO -   - 检查 MSFT 的舆情...
2026-03-02 07:53:22,213 - __main__ - INFO -   - 检查 000001.SZ 的舆情...
2026-03-02 07:53:22,213 - __main__ - INFO -   - 检查 TSLA 的舆情...
2026-03-02 07:53:22,213 - __main__ - INFO -   - 检查 GOOGL 的舆情...
2026-03-02 07:53:22,213 - __main__ - INFO -   - 检查 NVDA 的舆情...
2026-03-02 07:53:22,213 - __main__ - INFO -   - 检查 300750.SZ 的舆情...
2026-03-02 07:53:22,213 - __main__ - INFO - 本轮检查完成，300秒后继续...
2026-03-02 07:58:22,278 - __main__ - INFO - [2026-03-02 07:58:22] 开始舆情数据采集...
2026-03-02 07:58:22,279 - __main__ - INFO -   - 检查 600519.SS 的舆情...
2026-03-02 07:58:22,279 - __main__ - INFO -   - 检查 AAPL 的舆情...
2026-03-02 07:58:22,279 - __main__ - INFO -   - 检查 MSFT 的舆情...
2026-03-02 07:58:22,279 - __main__ - INFO -   - 检查 000001.SZ 的舆情...
2026-03-02 07:58:22,279 - __main__ - INFO -   - 检查 TSLA 的舆情...
2026-03-02 07:58:22,279 - __main__ - INFO -   - 检查 GOOGL 的舆情...
2026-03-02 07:58:22,279 - __main__ - INFO -   - 检查 NVDA 的舆情...
2026-03-02 07:58:22,279 - __main__ - INFO -   - 检查 300750.SZ 的舆情...
2026-03-02 07:58:22,279 - __main__ - INFO - 本轮检查完成，300秒后继续...
2026-03-02 08:03:22,306 - __main__ - INFO - [2026-03-02 08:03:22] 开始舆情数据采集...
2026-03-02 08:03:22,307 - __main__ - INFO -   - 检查 600519.SS 的舆情...
2026-03-02 08:03:22,307 - __main__ - INFO -   - 检查 AAPL 的舆情...
2026-03-02 08:03:22,307 - __main__ - INFO -   - 检查 MSFT 的舆情...
2026-03-02 08:03:22,307 - __main__ - INFO -   - 检查 000001.SZ 的舆情...
2026-03-02 08:03:22,307 - __main__ - INFO -   - 检查 TSLA 的舆情...
2026-03-02 08:03:22,307 - __main__ - INFO -   - 检查 GOOGL 的舆情...
2026-03-02 08:03:22,307 - __main__ - INFO -   - 检查 NVDA 的舆情...
2026-03-02 08:03:22,307 - __main__ - INFO -   - 检查 300750.SZ 的舆情...
2026-03-02 08:03:22,307 - __main__ - INFO - 本轮检查完成，300秒后继续...
2026-03-02 08:08:22,468 - __main__ - INFO - [2026-03-02 08:08:22] 开始舆情数据采集...
2026-03-02 08:08:22,469 - __main__ - INFO -   - 检查 600519.SS 的舆情...
2026-03-02 08:08:22,469 - __main__ - INFO -   - 检查 AAPL 的舆情...
2026-03-02 08:08:22,469 - __main__ - INFO -   - 检查 MSFT 的舆情...
2026-03-02 08:08:22,469 - __main__ - INFO -   - 检查 000001.SZ 的舆情...
2026-03-02 08:08:22,469 - __main__ - INFO -   - 检查 TSLA 的舆情...
2026-03-02 08:08:22,469 - __main__ - INFO -   - 检查 GOOGL 的舆情...
2026-03-02 08:08:22,469 - __main__ - INFO -   - 检查 NVDA 的舆情...
2026-03-02 08:08:22,469 - __main__ - INFO -   - 检查 300750.SZ 的舆情...
2026-03-02 08:08:22,469 - __main__ - INFO - 本轮检查完成，300秒后继续...
2026-03-02 08:13:22,598 - __main__ - INFO - [2026-03-02 08:13:22] 开始舆情数据采集...
2026-03-02 08:13:22,599 - __main__ - INFO -   - 检查 600519.SS 的舆情...
2026-03-02 08:13:22,599 - __main__ - INFO -   - 检查 AAPL 的舆情...
2026-03-02 08:13:22,600 - __main__ - INFO -   - 检查 MSFT 的舆情...
2026-03-02 08:13:22,600 - __main__ - INFO -   - 检查 000001.SZ 的舆情...
2026-03-02 08:13:22,600 - __main__ - INFO -   - 检查 TSLA 的舆情...
2026-03-02 08:13:22,600 - __main__ - INFO -   - 检查 GOOGL 的舆情...
2026-03-02 08:13:22,600 - __main__ - INFO -   - 检查 NVDA 的舆情...
2026-03-02 08:13:22,600 - __main__ - INFO -   - 检查 300750.SZ 的舆情...
2026-03-02 08:13:22,600 - __main__ - INFO - 本轮检查完成，300秒后继续...
2026-03-02 08:18:22,640 - __main__ - INFO - [2026-03-02 08:18:22] 开始舆情数据采集...
2026-03-02 08:18:22,643 - __main__ - INFO -   - 检查 600519.SS 的舆情...
2026-03-02 08:18:22,643 - __main__ - INFO -   - 检查 AAPL 的舆情...
2026-03-02 08:18:22,643 - __main__ - INFO -   - 检查 MSFT 的舆情...
2026-03-02 08:18:22,643 - __main__ - INFO -   - 检查 000001.SZ 的舆情...
2026-03-02 08:18:22,643 - __main__ - INFO -   - 检查 TSLA 的舆情...
2026-03-02 08:18:22,643 - __main__ - INFO -   - 检查 GOOGL 的舆情...
2026-03-02 08:18:22,643 - __main__ - INFO -   - 检查 NVDA 的舆情...
2026-03-02 08:18:22,643 - __main__ - INFO -   - 检查 300750.SZ 的舆情...
2026-03-02 08:18:22,643 - __main__ - INFO - 本轮检查完成，300秒后继续...
2026-03-02 08:23:22,607 - __main__ - INFO - [2026-03-02 08:23:22] 开始舆情数据采集...
2026-03-02 08:23:22,609 - __main__ - INFO -   - 检查 600519.SS 的舆情...
2026-03-02 08:23:22,609 - __main__ - INFO -   - 检查 AAPL 的舆情...
2026-03-02 08:23:22,609 - __main__ - INFO -   - 检查 MSFT 的舆情...
2026-03-02 08:23:22,609 - __main__ - INFO -   - 检查 000001.SZ 的舆情...
2026-03-02 08:23:22,609 - __main__ - INFO -   - 检查 TSLA 的舆情...
2026-03-02 08:23:22,609 - __main__ - INFO -   - 检查 GOOGL 的舆情...
2026-03-02 08:23:22,609 - __main__ - INFO -   - 检查 NVDA 的舆情...
2026-03-02 08:23:22,609 - __main__ - INFO -   - 检查 300750.SZ 的舆情...
2026-03-02 08:23:22,609 - __main__ - INFO - 本轮检查完成，300秒后继续...
2026-03-02 08:28:22,609 - __main__ - INFO - [2026-03-02 08:28:22] 开始舆情数据采集...
2026-03-02 08:28:22,611 - __main__ - INFO -   - 检查 600519.SS 的舆情...
2026-03-02 08:28:22,612 - __main__ - INFO -   - 检查 AAPL 的舆情...
2026-03-02 08:28:22,612 - __main__ - INFO -   - 检查 MSFT 的舆情...
2026-03-02 08:28:22,612 - __main__ - INFO -   - 检查 000001.SZ 的舆情...
2026-03-02 08:28:22,612 - __main__ - INFO -   - 检查 TSLA 的舆情...
2026-03-02 08:28:22,612 - __main__ - INFO -   - 检查 GOOGL 的舆情...
2026-03-02 08:28:22,612 - __main__ - INFO -   - 检查 NVDA 的舆情...
2026-03-02 08:28:22,612 - __main__ - INFO -   - 检查 300750.SZ 的舆情...
2026-03-02 08:28:22,612 - __main__ - INFO - 本轮检查完成，300秒后继续...
2026-03-02 08:33:22,760 - __main__ - INFO - [2026-03-02 08:33:22] 开始舆情数据采集...
2026-03-02 08:33:22,763 - __main__ - INFO -   - 检查 600519.SS 的舆情...
2026-03-02 08:33:22,763 - __main__ - INFO -   - 检查 AAPL 的舆情...
2026-03-02 08:33:22,763 - __main__ - INFO -   - 检查 MSFT 的舆情...
2026-03-02 08:33:22,764 - __main__ - INFO -   - 检查 000001.SZ 的舆情...
2026-03-02 08:33:22,764 - __main__ - INFO -   - 检查 TSLA 的舆情...
2026-03-02 08:33:22,764 - __main__ - INFO -   - 检查 GOOGL 的舆情...
2026-03-02 08:33:22,764 - __main__ - INFO -   - 检查 NVDA 的舆情...
2026-03-02 08:33:22,764 - __main__ - INFO -   - 检查 300750.SZ 的舆情...
2026-03-02 08:33:22,764 - __main__ - INFO - 本轮检查完成，300秒后继续...
2026-03-02 08:38:22,908 - __main__ - INFO - [2026-03-02 08:38:22] 开始舆情数据采集...
2026-03-02 08:38:22,910 - __main__ - INFO -   - 检查 600519.SS 的舆情...
2026-03-02 08:38:22,910 - __main__ - INFO -   - 检查 AAPL 的舆情...
2026-03-02 08:38:22,910 - __main__ - INFO -   - 检查 MSFT 的舆情...
2026-03-02 08:38:22,911 - __main__ - INFO -   - 检查 000001.SZ 的舆情...
2026-03-02 08:38:22,911 - __main__ - INFO -   - 检查 TSLA 的舆情...
2026-03-02 08:38:22,911 - __main__ - INFO -   - 检查 GOOGL 的舆情...
2026-03-02 08:38:22,911 - __main__ - INFO -   - 检查 NVDA 的舆情...
2026-03-02 08:38:22,911 - __main__ - INFO -   - 检查 300750.SZ 的舆情...
2026-03-02 08:38:22,911 - __main__ - INFO - 本轮检查完成，300秒后继续...
2026-03-02 08:43:23,055 - __main__ - INFO - [2026-03-02 08:43:23] 开始舆情数据采集...
2026-03-02 08:43:23,058 - __main__ - INFO -   - 检查 600519.SS 的舆情...
2026-03-02 08:43:23,058 - __main__ - INFO -   - 检查 AAPL 的舆情...
2026-03-02 08:43:23,058 - __main__ - INFO -   - 检查 MSFT 的舆情...
2026-03-02 08:43:23,058 - __main__ - INFO -   - 检查 000001.SZ 的舆情...
2026-03-02 08:43:23,058 - __main__ - INFO -   - 检查 TSLA 的舆情...
2026-03-02 08:43:23,058 - __main__ - INFO -   - 检查 GOOGL 的舆情...
2026-03-02 08:43:23,058 - __main__ - INFO -   - 检查 NVDA 的舆情...
2026-03-02 08:43:23,058 - __main__ - INFO -   - 检查 300750.SZ 的舆情...
2026-03-02 08:43:23,058 - __main__ - INFO - 本轮检查完成，300秒后继续...
2026-03-02 08:48:23,205 - __main__ - INFO - [2026-03-02 08:48:23] 开始舆情数据采集...
2026-03-02 08:48:23,207 - __main__ - INFO -   - 检查 600519.SS 的舆情...
2026-03-02 08:48:23,207 - __main__ - INFO -   - 检查 AAPL 的舆情...
2026-03-02 08:48:23,207 - __main__ - INFO -   - 检查 MSFT 的舆情...
2026-03-02 08:48:23,207 - __main__ - INFO -   - 检查 000001.SZ 的舆情...
2026-03-02 08:48:23,207 - __main__ - INFO -   - 检查 TSLA 的舆情...
2026-03-02 08:48:23,207 - __main__ - INFO -   - 检查 GOOGL 的舆情...
2026-03-02 08:48:23,207 - __main__ - INFO -   - 检查 NVDA 的舆情...
2026-03-02 08:48:23,207 - __main__ - INFO -   - 检查 300750.SZ 的舆情...
2026-03-02 08:48:23,207 - __main__ - INFO - 本轮检查完成，300秒后继续...
2026-03-02 08:53:23,346 - __main__ - INFO - [2026-03-02 08:53:23] 开始舆情数据采集...
2026-03-02 08:53:23,346 - __main__ - INFO -   - 检查 600519.SS 的舆情...
2026-03-02 08:53:23,346 - __main__ - INFO -   - 检查 AAPL 的舆情...
2026-03-02 08:53:23,346 - __main__ - INFO -   - 检查 MSFT 的舆情...
2026-03-02 08:53:23,346 - __main__ - INFO -   - 检查 000001.SZ 的舆情...
2026-03-02 08:53:23,346 - __main__ - INFO -   - 检查 TSLA 的舆情...
2026-03-02 08:53:23,346 - __main__ - INFO -   - 检查 GOOGL 的舆情...
2026-03-02 08:53:23,346 - __main__ - INFO -   - 检查 NVDA 的舆情...
2026-03-02 08:53:23,346 - __main__ - INFO -   - 检查 300750.SZ 的舆情...
2026-03-02 08:53:23,346 - __main__ - INFO - 本轮检查完成，300秒后继续...
2026-03-02 08:58:23,349 - __main__ - INFO - [2026-03-02 08:58:23] 开始舆情数据采集...
2026-03-02 08:58:23,351 - __main__ - INFO -   - 检查 600519.SS 的舆情...
2026-03-02 08:58:23,351 - __main__ - INFO -   - 检查 AAPL 的舆情...
2026-03-02 08:58:23,351 - __main__ - INFO -   - 检查 MSFT 的舆情...
2026-03-02 08:58:23,351 - __main__ - INFO -   - 检查 000001.SZ 的舆情...
2026-03-02 08:58:23,351 - __main__ - INFO -   - 检查 TSLA 的舆情...
2026-03-02 08:58:23,351 - __main__ - INFO -   - 检查 GOOGL 的舆情...
2026-03-02 08:58:23,351 - __main__ - INFO -   - 检查 NVDA 的舆情...
2026-03-02 08:58:23,352 - __main__ - INFO -   - 检查 300750.SZ 的舆情...
2026-03-02 08:58:23,352 - __main__ - INFO - 本轮检查完成，300秒后继续...
2026-03-02 09:03:23,494 - __main__ - INFO - [2026-03-02 09:03:23] 开始舆情数据采集...
2026-03-02 09:03:23,496 - __main__ - INFO -   - 检查 600519.SS 的舆情...
2026-03-02 09:03:23,496 - __main__ - INFO -   - 检查 AAPL 的舆情...
2026-03-02 09:03:23,496 - __main__ - INFO -   - 检查 MSFT 的舆情...
2026-03-02 09:03:23,496 - __main__ - INFO -   - 检查 000001.SZ 的舆情...
2026-03-02 09:03:23,496 - __main__ - INFO -   - 检查 TSLA 的舆情...
2026-03-02 09:03:23,496 - __main__ - INFO -   - 检查 GOOGL 的舆情...
2026-03-02 09:03:23,496 - __main__ - INFO -   - 检查 NVDA 的舆情...
2026-03-02 09:03:23,497 - __main__ - INFO -   - 检查 300750.SZ 的舆情...
2026-03-02 09:03:23,497 - __main__ - INFO - 本轮检查完成，300秒后继续...
2026-03-02 09:08:23,640 - __main__ - INFO - [2026-03-02 09:08:23] 开始舆情数据采集...
2026-03-02 09:08:23,642 - __main__ - INFO -   - 检查 600519.SS 的舆情...
2026-03-02 09:08:23,642 - __main__ - INFO -   - 检查 AAPL 的舆情...
2026-03-02 09:08:23,642 - __main__ - INFO -   - 检查 MSFT 的舆情...
2026-03-02 09:08:23,642 - __main__ - INFO -   - 检查 000001.SZ 的舆情...
2026-03-02 09:08:23,642 - __main__ - INFO -   - 检查 TSLA 的舆情...
2026-03-02 09:08:23,642 - __main__ - INFO -   - 检查 GOOGL 的舆情...
2026-03-02 09:08:23,642 - __main__ - INFO -   - 检查 NVDA 的舆情...
2026-03-02 09:08:23,642 - __main__ - INFO -   - 检查 300750.SZ 的舆情...
2026-03-02 09:08:23,642 - __main__ - INFO - 本轮检查完成，300秒后继续...
2026-03-02 09:13:23,778 - __main__ - INFO - [2026-03-02 09:13:23] 开始舆情数据采集...
2026-03-02 09:13:23,779 - __main__ - INFO -   - 检查 600519.SS 的舆情...
2026-03-02 09:13:23,779 - __main__ - INFO -   - 检查 AAPL 的舆情...
2026-03-02 09:13:23,779 - __main__ - INFO -   - 检查 MSFT 的舆情...
2026-03-02 09:13:23,779 - __main__ - INFO -   - 检查 000001.SZ 的舆情...
2026-03-02 09:13:23,779 - __main__ - INFO -   - 检查 TSLA 的舆情...
2026-03-02 09:13:23,779 - __main__ - INFO -   - 检查 GOOGL 的舆情...
2026-03-02 09:13:23,779 - __main__ - INFO -   - 检查 NVDA 的舆情...
2026-03-02 09:13:23,779 - __main__ - INFO -   - 检查 300750.SZ 的舆情...
2026-03-02 09:13:23,779 - __main__ - INFO - 本轮检查完成，300秒后继续...
2026-03-02 09:18:23,926 - __main__ - INFO - [2026-03-02 09:18:23] 开始舆情数据采集...
2026-03-02 09:18:23,927 - __main__ - INFO -   - 检查 600519.SS 的舆情...
2026-03-02 09:18:23,927 - __main__ - INFO -   - 检查 AAPL 的舆情...
2026-03-02 09:18:23,927 - __main__ - INFO -   - 检查 MSFT 的舆情...
2026-03-02 09:18:23,927 - __main__ - INFO -   - 检查 000001.SZ 的舆情...
2026-03-02 09:18:23,927 - __main__ - INFO -   - 检查 TSLA 的舆情...
2026-03-02 09:18:23,928 - __main__ - INFO -   - 检查 GOOGL 的舆情...
2026-03-02 09:18:23,928 - __main__ - INFO -   - 检查 NVDA 的舆情...
2026-03-02 09:18:23,928 - __main__ - INFO -   - 检查 300750.SZ 的舆情...
2026-03-02 09:18:23,928 - __main__ - INFO - 本轮检查完成，300秒后继续...
2026-03-02 09:23:24,076 - __main__ - INFO - [2026-03-02 09:23:24] 开始舆情数据采集...
2026-03-02 09:23:24,078 - __main__ - INFO -   - 检查 600519.SS 的舆情...
2026-03-02 09:23:24,078 - __main__ - INFO -   - 检查 AAPL 的舆情...
2026-03-02 09:23:24,078 - __main__ - INFO -   - 检查 MSFT 的舆情...
2026-03-02 09:23:24,078 - __main__ - INFO -   - 检查 000001.SZ 的舆情...
2026-03-02 09:23:24,079 - __main__ - INFO -   - 检查 TSLA 的舆情...
2026-03-02 09:23:24,079 - __main__ - INFO -   - 检查 GOOGL 的舆情...
2026-03-02 09:23:24,079 - __main__ - INFO -   - 检查 NVDA 的舆情...
2026-03-02 09:23:24,079 - __main__ - INFO -   - 检查 300750.SZ 的舆情...
2026-03-02 09:23:24,079 - __main__ - INFO - 本轮检查完成，300秒后继续...
2026-03-02 09:28:24,214 - __main__ - INFO - [2026-03-02 09:28:24] 开始舆情数据采集...
2026-03-02 09:28:24,216 - __main__ - INFO -   - 检查 600519.SS 的舆情...
2026-03-02 09:28:24,216 - __main__ - INFO -   - 检查 AAPL 的舆情...
2026-03-02 09:28:24,216 - __main__ - INFO -   - 检查 MSFT 的舆情...
2026-03-02 09:28:24,216 - __main__ - INFO -   - 检查 000001.SZ 的舆情...
2026-03-02 09:28:24,216 - __main__ - INFO -   - 检查 TSLA 的舆情...
2026-03-02 09:28:24,216 - __main__ - INFO -   - 检查 GOOGL 的舆情...
2026-03-02 09:28:24,216 - __main__ - INFO -   - 检查 NVDA 的舆情...
2026-03-02 09:28:24,216 - __main__ - INFO -   - 检查 300750.SZ 的舆情...
2026-03-02 09:28:24,216 - __main__ - INFO - 本轮检查完成，300秒后继续...
2026-03-02 09:33:24,264 - __main__ - INFO - [2026-03-02 09:33:24] 开始舆情数据采集...
2026-03-02 09:33:24,265 - __main__ - INFO -   - 检查 600519.SS 的舆情...
2026-03-02 09:33:24,265 - __main__ - INFO -   - 检查 AAPL 的舆情...
2026-03-02 09:33:24,265 - __main__ - INFO -   - 检查 MSFT 的舆情...
2026-03-02 09:33:24,266 - __main__ - INFO -   - 检查 000001.SZ 的舆情...
2026-03-02 09:33:24,266 - __main__ - INFO -   - 检查 TSLA 的舆情...
2026-03-02 09:33:24,266 - __main__ - INFO -   - 检查 GOOGL 的舆情...
2026-03-02 09:33:24,266 - __main__ - INFO -   - 检查 NVDA 的舆情...
2026-03-02 09:33:24,266 - __main__ - INFO -   - 检查 300750.SZ 的舆情...
2026-03-02 09:33:24,266 - __main__ - INFO - 本轮检查完成，300秒后继续...
2026-03-02 09:38:24,307 - __main__ - INFO - [2026-03-02 09:38:24] 开始舆情数据采集...
2026-03-02 09:38:24,309 - __main__ - INFO -   - 检查 600519.SS 的舆情...
2026-03-02 09:38:24,309 - __main__ - INFO -   - 检查 AAPL 的舆情...
2026-03-02 09:38:24,309 - __main__ - INFO -   - 检查 MSFT 的舆情...
2026-03-02 09:38:24,309 - __main__ - INFO -   - 检查 000001.SZ 的舆情...
2026-03-02 09:38:24,309 - __main__ - INFO -   - 检查 TSLA 的舆情...
2026-03-02 09:38:24,309 - __main__ - INFO -   - 检查 GOOGL 的舆情...
2026-03-02 09:38:24,309 - __main__ - INFO -   - 检查 NVDA 的舆情...
2026-03-02 09:38:24,309 - __main__ - INFO -   - 检查 300750.SZ 的舆情...
2026-03-02 09:38:24,309 - __main__ - INFO - 本轮检查完成，300秒后继续...
2026-03-02 09:43:24,373 - __main__ - INFO - [2026-03-02 09:43:24] 开始舆情数据采集...
2026-03-02 09:43:24,375 - __main__ - INFO -   - 检查 600519.SS 的舆情...
2026-03-02 09:43:24,375 - __main__ - INFO -   - 检查 AAPL 的舆情...
2026-03-02 09:43:24,375 - __main__ - INFO -   - 检查 MSFT 的舆情...
2026-03-02 09:43:24,375 - __main__ - INFO -   - 检查 000001.SZ 的舆情...
2026-03-02 09:43:24,375 - __main__ - INFO -   - 检查 TSLA 的舆情...
2026-03-02 09:43:24,375 - __main__ - INFO -   - 检查 GOOGL 的舆情...
2026-03-02 09:43:24,375 - __main__ - INFO -   - 检查 NVDA 的舆情...
2026-03-02 09:43:24,375 - __main__ - INFO -   - 检查 300750.SZ 的舆情...
2026-03-02 09:43:24,376 - __main__ - INFO - 本轮检查完成，300秒后继续...
2026-03-02 09:48:24,516 - __main__ - INFO - [2026-03-02 09:48:24] 开始舆情数据采集...
2026-03-02 09:48:24,518 - __main__ - INFO -   - 检查 600519.SS 的舆情...
2026-03-02 09:48:24,518 - __main__ - INFO -   - 检查 AAPL 的舆情...
2026-03-02 09:48:24,518 - __main__ - INFO -   - 检查 MSFT 的舆情...
2026-03-02 09:48:24,518 - __main__ - INFO -   - 检查 000001.SZ 的舆情...
2026-03-02 09:48:24,518 - __main__ - INFO -   - 检查 TSLA 的舆情...
2026-03-02 09:48:24,518 - __main__ - INFO -   - 检查 GOOGL 的舆情...
2026-03-02 09:48:24,518 - __main__ - INFO -   - 检查 NVDA 的舆情...
2026-03-02 09:48:24,518 - __main__ - INFO -   - 检查 300750.SZ 的舆情...
2026-03-02 09:48:24,518 - __main__ - INFO - 本轮检查完成，300秒后继续...
2026-03-02 09:53:24,536 - __main__ - INFO - [2026-03-02 09:53:24] 开始舆情数据采集...
2026-03-02 09:53:24,538 - __main__ - INFO -   - 检查 600519.SS 的舆情...
2026-03-02 09:53:24,538 - __main__ - INFO -   - 检查 AAPL 的舆情...
2026-03-02 09:53:24,538 - __main__ - INFO -   - 检查 MSFT 的舆情...
2026-03-02 09:53:24,538 - __main__ - INFO -   - 检查 000001.SZ 的舆情...
2026-03-02 09:53:24,538 - __main__ - INFO -   - 检查 TSLA 的舆情...
2026-03-02 09:53:24,538 - __main__ - INFO -   - 检查 GOOGL 的舆情...
2026-03-02 09:53:24,538 - __main__ - INFO -   - 检查 NVDA 的舆情...
2026-03-02 09:53:24,538 - __main__ - INFO -   - 检查 300750.SZ 的舆情...
2026-03-02 09:53:24,538 - __main__ - INFO - 本轮检查完成，300秒后继续...
2026-03-02 09:58:24,672 - __main__ - INFO - [2026-03-02 09:58:24] 开始舆情数据采集...
2026-03-02 09:58:24,675 - __main__ - INFO -   - 检查 600519.SS 的舆情...
2026-03-02 09:58:24,675 - __main__ - INFO -   - 检查 AAPL 的舆情...
2026-03-02 09:58:24,675 - __main__ - INFO -   - 检查 MSFT 的舆情...
2026-03-02 09:58:24,675 - __main__ - INFO -   - 检查 000001.SZ 的舆情...
2026-03-02 09:58:24,675 - __main__ - INFO -   - 检查 TSLA 的舆情...
2026-03-02 09:58:24,675 - __main__ - INFO -   - 检查 GOOGL 的舆情...
2026-03-02 09:58:24,675 - __main__ - INFO -   - 检查 NVDA 的舆情...
2026-03-02 09:58:24,676 - __main__ - INFO -   - 检查 300750.SZ 的舆情...
2026-03-02 09:58:24,676 - __main__ - INFO - 本轮检查完成，300秒后继续...
2026-03-02 10:03:24,733 - __main__ - INFO - [2026-03-02 10:03:24] 开始舆情数据采集...
2026-03-02 10:03:24,734 - __main__ - INFO -   - 检查 600519.SS 的舆情...
2026-03-02 10:03:24,734 - __main__ - INFO -   - 检查 AAPL 的舆情...
2026-03-02 10:03:24,734 - __main__ - INFO -   - 检查 MSFT 的舆情...
2026-03-02 10:03:24,734 - __main__ - INFO -   - 检查 000001.SZ 的舆情...
2026-03-02 10:03:24,734 - __main__ - INFO -   - 检查 TSLA 的舆情...
2026-03-02 10:03:24,734 - __main__ - INFO -   - 检查 GOOGL 的舆情...
2026-03-02 10:03:24,734 - __main__ - INFO -   - 检查 NVDA 的舆情...
2026-03-02 10:03:24,734 - __main__ - INFO -   - 检查 300750.SZ 的舆情...
2026-03-02 10:03:24,734 - __main__ - INFO - 本轮检查完成，300秒后继续...
2026-03-02 10:08:24,736 - __main__ - INFO - [2026-03-02 10:08:24] 开始舆情数据采集...
2026-03-02 10:08:24,737 - __main__ - INFO -   - 检查 600519.SS 的舆情...
2026-03-02 10:08:24,737 - __main__ - INFO -   - 检查 AAPL 的舆情...
2026-03-02 10:08:24,738 - __main__ - INFO -   - 检查 MSFT 的舆情...
2026-03-02 10:08:24,738 - __main__ - INFO -   - 检查 000001.SZ 的舆情...
2026-03-02 10:08:24,738 - __main__ - INFO -   - 检查 TSLA 的舆情...
2026-03-02 10:08:24,738 - __main__ - INFO -   - 检查 GOOGL 的舆情...
2026-03-02 10:08:24,738 - __main__ - INFO -   - 检查 NVDA 的舆情...
2026-03-02 10:08:24,738 - __main__ - INFO -   - 检查 300750.SZ 的舆情...
2026-03-02 10:08:24,738 - __main__ - INFO - 本轮检查完成，300秒后继续...
2026-03-02 10:13:24,884 - __main__ - INFO - [2026-03-02 10:13:24] 开始舆情数据采集...
2026-03-02 10:13:24,887 - __main__ - INFO -   - 检查 600519.SS 的舆情...
2026-03-02 10:13:24,887 - __main__ - INFO -   - 检查 AAPL 的舆情...
2026-03-02 10:13:24,887 - __main__ - INFO -   - 检查 MSFT 的舆情...
2026-03-02 10:13:24,887 - __main__ - INFO -   - 检查 000001.SZ 的舆情...
2026-03-02 10:13:24,887 - __main__ - INFO -   - 检查 TSLA 的舆情...
2026-03-02 10:13:24,887 - __main__ - INFO -   - 检查 GOOGL 的舆情...
2026-03-02 10:13:24,887 - __main__ - INFO -   - 检查 NVDA 的舆情...
2026-03-02 10:13:24,887 - __main__ - INFO -   - 检查 300750.SZ 的舆情...
2026-03-02 10:13:24,888 - __main__ - INFO - 本轮检查完成，300秒后继续...
2026-03-02 10:18:25,036 - __main__ - INFO - [2026-03-02 10:18:25] 开始舆情数据采集...
2026-03-02 10:18:25,038 - __main__ - INFO -   - 检查 600519.SS 的舆情...
2026-03-02 10:18:25,038 - __main__ - INFO -   - 检查 AAPL 的舆情...
2026-03-02 10:18:25,038 - __main__ - INFO -   - 检查 MSFT 的舆情...
2026-03-02 10:18:25,039 - __main__ - INFO -   - 检查 000001.SZ 的舆情...
2026-03-02 10:18:25,039 - __main__ - INFO -   - 检查 TSLA 的舆情...
2026-03-02 10:18:25,039 - __main__ - INFO -   - 检查 GOOGL 的舆情...
2026-03-02 10:18:25,039 - __main__ - INFO -   - 检查 NVDA 的舆情...
2026-03-02 10:18:25,039 - __main__ - INFO -   - 检查 300750.SZ 的舆情...
2026-03-02 10:18:25,039 - __main__ - INFO - 本轮检查完成，300秒后继续...
2026-03-02 10:23:25,183 - __main__ - INFO - [2026-03-02 10:23:25] 开始舆情数据采集...
2026-03-02 10:23:25,185 - __main__ - INFO -   - 检查 600519.SS 的舆情...
2026-03-02 10:23:25,185 - __main__ - INFO -   - 检查 AAPL 的舆情...
2026-03-02 10:23:25,185 - __main__ - INFO -   - 检查 MSFT 的舆情...
2026-03-02 10:23:25,185 - __main__ - INFO -   - 检查 000001.SZ 的舆情...
2026-03-02 10:23:25,185 - __main__ - INFO -   - 检查 TSLA 的舆情...
2026-03-02 10:23:25,185 - __main__ - INFO -   - 检查 GOOGL 的舆情...
2026-03-02 10:23:25,185 - __main__ - INFO -   - 检查 NVDA 的舆情...
2026-03-02 10:23:25,185 - __main__ - INFO -   - 检查 300750.SZ 的舆情...
2026-03-02 10:23:25,186 - __main__ - INFO - 本轮检查完成，300秒后继续...
2026-03-02 10:28:25,271 - __main__ - INFO - [2026-03-02 10:28:25] 开始舆情数据采集...
2026-03-02 10:28:25,276 - __main__ - INFO -   - 检查 600519.SS 的舆情...
2026-03-02 10:28:25,276 - __main__ - INFO -   - 检查 AAPL 的舆情...
2026-03-02 10:28:25,276 - __main__ - INFO -   - 检查 MSFT 的舆情...
2026-03-02 10:28:25,276 - __main__ - INFO -   - 检查 000001.SZ 的舆情...
2026-03-02 10:28:25,276 - __main__ - INFO -   - 检查 TSLA 的舆情...
2026-03-02 10:28:25,276 - __main__ - INFO -   - 检查 GOOGL 的舆情...
2026-03-02 10:28:25,276 - __main__ - INFO -   - 检查 NVDA 的舆情...
2026-03-02 10:28:25,276 - __main__ - INFO -   - 检查 300750.SZ 的舆情...
2026-03-02 10:28:25,276 - __main__ - INFO - 本轮检查完成，300秒后继续...
2026-03-02 10:33:25,423 - __main__ - INFO - [2026-03-02 10:33:25] 开始舆情数据采集...
2026-03-02 10:33:25,426 - __main__ - INFO -   - 检查 600519.SS 的舆情...
2026-03-02 10:33:25,426 - __main__ - INFO -   - 检查 AAPL 的舆情...
2026-03-02 10:33:25,427 - __main__ - INFO -   - 检查 MSFT 的舆情...
2026-03-02 10:33:25,427 - __main__ - INFO -   - 检查 000001.SZ 的舆情...
2026-03-02 10:33:25,427 - __main__ - INFO -   - 检查 TSLA 的舆情...
2026-03-02 10:33:25,427 - __main__ - INFO -   - 检查 GOOGL 的舆情...
2026-03-02 10:33:25,427 - __main__ - INFO -   - 检查 NVDA 的舆情...
2026-03-02 10:33:25,427 - __main__ - INFO -   - 检查 300750.SZ 的舆情...
2026-03-02 10:33:25,427 - __main__ - INFO - 本轮检查完成，300秒后继续...
2026-03-02 10:38:25,574 - __main__ - INFO - [2026-03-02 10:38:25] 开始舆情数据采集...
2026-03-02 10:38:25,577 - __main__ - INFO -   - 检查 600519.SS 的舆情...
2026-03-02 10:38:25,577 - __main__ - INFO -   - 检查 AAPL 的舆情...
2026-03-02 10:38:25,577 - __main__ - INFO -   - 检查 MSFT 的舆情...
2026-03-02 10:38:25,577 - __main__ - INFO -   - 检查 000001.SZ 的舆情...
2026-03-02 10:38:25,577 - __main__ - INFO -   - 检查 TSLA 的舆情...
2026-03-02 10:38:25,577 - __main__ - INFO -   - 检查 GOOGL 的舆情...
2026-03-02 10:38:25,577 - __main__ - INFO -   - 检查 NVDA 的舆情...
2026-03-02 10:38:25,577 - __main__ - INFO -   - 检查 300750.SZ 的舆情...
2026-03-02 10:38:25,577 - __main__ - INFO - 本轮检查完成，300秒后继续...
2026-03-02 10:43:25,644 - __main__ - INFO - [2026-03-02 10:43:25] 开始舆情数据采集...
2026-03-02 10:43:25,645 - __main__ - INFO -   - 检查 600519.SS 的舆情...
2026-03-02 10:43:25,645 - __main__ - INFO -   - 检查 AAPL 的舆情...
2026-03-02 10:43:25,645 - __main__ - INFO -   - 检查 MSFT 的舆情...
2026-03-02 10:43:25,645 - __main__ - INFO -   - 检查 000001.SZ 的舆情...
2026-03-02 10:43:25,646 - __main__ - INFO -   - 检查 TSLA 的舆情...
2026-03-02 10:43:25,646 - __main__ - INFO -   - 检查 GOOGL 的舆情...
2026-03-02 10:43:25,646 - __main__ - INFO -   - 检查 NVDA 的舆情...
2026-03-02 10:43:25,646 - __main__ - INFO -   - 检查 300750.SZ 的舆情...
2026-03-02 10:43:25,646 - __main__ - INFO - 本轮检查完成，300秒后继续...
2026-03-02 10:48:25,711 - __main__ - INFO - [2026-03-02 10:48:25] 开始舆情数据采集...
2026-03-02 10:48:25,714 - __main__ - INFO -   - 检查 600519.SS 的舆情...
2026-03-02 10:48:25,714 - __main__ - INFO -   - 检查 AAPL 的舆情...
2026-03-02 10:48:25,714 - __main__ - INFO -   - 检查 MSFT 的舆情...
2026-03-02 10:48:25,714 - __main__ - INFO -   - 检查 000001.SZ 的舆情...
2026-03-02 10:48:25,714 - __main__ - INFO -   - 检查 TSLA 的舆情...
2026-03-02 10:48:25,714 - __main__ - INFO -   - 检查 GOOGL 的舆情...
2026-03-02 10:48:25,714 - __main__ - INFO -   - 检查 NVDA 的舆情...
2026-03-02 10:48:25,714 - __main__ - INFO -   - 检查 300750.SZ 的舆情...
2026-03-02 10:48:25,714 - __main__ - INFO - 本轮检查完成，300秒后继续...
